Start testing: Sep 26 21:54 AEST
----------------------------------------------------------
1/15 Testing: MathUtil
1/15 Test: MathUtil
Command: "/Users/robertshaw/devfiles/libecpint_new/build_debug/tests/units/mathutil/math_test"
Directory: /Users/robertshaw/devfiles/libecpint_new/build_debug/tests/units/mathutil
"MathUtil" start time: Sep 26 21:54 AEST
Output:
----------------------------------------------------------
[==========] Running 7 tests from 3 test suites.
[----------] Global test environment set-up.
[----------] 3 tests from MathUtil
[ RUN      ] MathUtil.Defines
[       OK ] MathUtil.Defines (0 ms)
[ RUN      ] MathUtil.Gamma
[       OK ] MathUtil.Gamma (0 ms)
[ RUN      ] MathUtil.Factorials
[       OK ] MathUtil.Factorials (0 ms)
[----------] 3 tests from MathUtil (0 ms total)

[----------] 2 tests from RealSphericalHarmonics
[ RUN      ] RealSphericalHarmonics.Leq0
[       OK ] RealSphericalHarmonics.Leq0 (0 ms)
[ RUN      ] RealSphericalHarmonics.Lgt0
[       OK ] RealSphericalHarmonics.Lgt0 (0 ms)
[----------] 2 tests from RealSphericalHarmonics (0 ms total)

[----------] 2 tests from FrobeniusNorm
[ RUN      ] FrobeniusNorm.ZeroMat
[       OK ] FrobeniusNorm.ZeroMat (0 ms)
[ RUN      ] FrobeniusNorm.NonZeroMat
[       OK ] FrobeniusNorm.NonZeroMat (0 ms)
[----------] 2 tests from FrobeniusNorm (0 ms total)

[----------] Global test environment tear-down
[==========] 7 tests from 3 test suites ran. (0 ms total)
[  PASSED  ] 7 tests.
<end of output>
Test time =   0.00 sec
----------------------------------------------------------
Test Passed.
"MathUtil" end time: Sep 26 21:54 AEST
"MathUtil" time elapsed: 00:00:00
----------------------------------------------------------

2/15 Testing: MultiArray
2/15 Test: MultiArray
Command: "/Users/robertshaw/devfiles/libecpint_new/build_debug/tests/units/multiarr/multiarr_test"
Directory: /Users/robertshaw/devfiles/libecpint_new/build_debug/tests/units/multiarr
"MultiArray" start time: Sep 26 21:54 AEST
Output:
----------------------------------------------------------
[==========] Running 13 tests from 4 test suites.
[----------] Global test environment set-up.
[----------] 6 tests from TwoIndexTest
[ RUN      ] TwoIndexTest.Assign
[       OK ] TwoIndexTest.Assign (0 ms)
[ RUN      ] TwoIndexTest.Accessor
[       OK ] TwoIndexTest.Accessor (0 ms)
[ RUN      ] TwoIndexTest.Transpose
[       OK ] TwoIndexTest.Transpose (0 ms)
[ RUN      ] TwoIndexTest.Multiply
[       OK ] TwoIndexTest.Multiply (0 ms)
[ RUN      ] TwoIndexTest.CopyCtor
[       OK ] TwoIndexTest.CopyCtor (0 ms)
[ RUN      ] TwoIndexTest.Add
[       OK ] TwoIndexTest.Add (0 ms)
[----------] 6 tests from TwoIndexTest (0 ms total)

[----------] 3 tests from ThreeIndexTest
[ RUN      ] ThreeIndexTest.Accessor
[       OK ] ThreeIndexTest.Accessor (0 ms)
[ RUN      ] ThreeIndexTest.Fill
[       OK ] ThreeIndexTest.Fill (0 ms)
[ RUN      ] ThreeIndexTest.CopyCtor
[       OK ] ThreeIndexTest.CopyCtor (0 ms)
[----------] 3 tests from ThreeIndexTest (0 ms total)

[----------] 2 tests from FiveIndexTest
[ RUN      ] FiveIndexTest.Accessor
[       OK ] FiveIndexTest.Accessor (0 ms)
[ RUN      ] FiveIndexTest.CopyCtor
[       OK ] FiveIndexTest.CopyCtor (0 ms)
[----------] 2 tests from FiveIndexTest (0 ms total)

[----------] 2 tests from SevenIndexTest
[ RUN      ] SevenIndexTest.Accessor
[       OK ] SevenIndexTest.Accessor (1 ms)
[ RUN      ] SevenIndexTest.CopyCtor
[       OK ] SevenIndexTest.CopyCtor (0 ms)
[----------] 2 tests from SevenIndexTest (1 ms total)

[----------] Global test environment tear-down
[==========] 13 tests from 4 test suites ran. (1 ms total)
[  PASSED  ] 13 tests.
<end of output>
Test time =   0.01 sec
----------------------------------------------------------
Test Passed.
"MultiArray" end time: Sep 26 21:54 AEST
"MultiArray" time elapsed: 00:00:00
----------------------------------------------------------

3/15 Testing: Bessel
3/15 Test: Bessel
Command: "/Users/robertshaw/devfiles/libecpint_new/build_debug/tests/units/bessel/bessel_test"
Directory: /Users/robertshaw/devfiles/libecpint_new/build_debug/tests/units/bessel
"Bessel" start time: Sep 26 21:54 AEST
Output:
----------------------------------------------------------
[==========] Running 7 tests from 1 test suite.
[----------] Global test environment set-up.
[----------] 7 tests from BesselTest
[ RUN      ] BesselTest.CalculateBigL
Asked for 3 but only initialised to maximum L = 2
[       OK ] BesselTest.CalculateBigL (2 ms)
[ RUN      ] BesselTest.CalculateSmallZ
[       OK ] BesselTest.CalculateSmallZ (2 ms)
[ RUN      ] BesselTest.CalculateBigZ
[       OK ] BesselTest.CalculateBigZ (3 ms)
[ RUN      ] BesselTest.CalculateMidZ
[       OK ] BesselTest.CalculateMidZ (2 ms)
[ RUN      ] BesselTest.UpperBoundSmallZ
[       OK ] BesselTest.UpperBoundSmallZ (3 ms)
[ RUN      ] BesselTest.UpperBoundBigZ
[       OK ] BesselTest.UpperBoundBigZ (3 ms)
[ RUN      ] BesselTest.UpperBoundMidZ
[       OK ] BesselTest.UpperBoundMidZ (3 ms)
[----------] 7 tests from BesselTest (19 ms total)

[----------] Global test environment tear-down
[==========] 7 tests from 1 test suite ran. (19 ms total)
[  PASSED  ] 7 tests.
<end of output>
Test time =   0.46 sec
----------------------------------------------------------
Test Passed.
"Bessel" end time: Sep 26 21:54 AEST
"Bessel" time elapsed: 00:00:00
----------------------------------------------------------

4/15 Testing: GaussianShell
4/15 Test: GaussianShell
Command: "/Users/robertshaw/devfiles/libecpint_new/build_debug/tests/units/gshell/gshell_test"
Directory: /Users/robertshaw/devfiles/libecpint_new/build_debug/tests/units/gshell
"GaussianShell" start time: Sep 26 21:54 AEST
Output:
----------------------------------------------------------
[==========] Running 8 tests from 1 test suite.
[----------] Global test environment set-up.
[----------] 8 tests from GShellTest
[ RUN      ] GShellTest.NPrimitive
[       OK ] GShellTest.NPrimitive (0 ms)
[ RUN      ] GShellTest.NCartesian
[       OK ] GShellTest.NCartesian (0 ms)
[ RUN      ] GShellTest.Center1
[       OK ] GShellTest.Center1 (0 ms)
[ RUN      ] GShellTest.Center2
[       OK ] GShellTest.Center2 (0 ms)
[ RUN      ] GShellTest.ExpCoef
[       OK ] GShellTest.ExpCoef (0 ms)
[ RUN      ] GShellTest.L
[       OK ] GShellTest.L (0 ms)
[ RUN      ] GShellTest.Copy1
[       OK ] GShellTest.Copy1 (0 ms)
[ RUN      ] GShellTest.Copy2
[       OK ] GShellTest.Copy2 (0 ms)
[----------] 8 tests from GShellTest (0 ms total)

[----------] Global test environment tear-down
[==========] 8 tests from 1 test suite ran. (0 ms total)
[  PASSED  ] 8 tests.
<end of output>
Test time =   0.01 sec
----------------------------------------------------------
Test Passed.
"GaussianShell" end time: Sep 26 21:54 AEST
"GaussianShell" time elapsed: 00:00:00
----------------------------------------------------------

5/15 Testing: GaussianECP
5/15 Test: GaussianECP
Command: "/Users/robertshaw/devfiles/libecpint_new/build_debug/tests/units/ecp/ecp_test"
Directory: /Users/robertshaw/devfiles/libecpint_new/tests/units/ecp
"GaussianECP" start time: Sep 26 21:54 AEST
Output:
----------------------------------------------------------
[==========] Running 11 tests from 3 test suites.
[----------] Global test environment set-up.
[----------] 3 tests from ECP
[ RUN      ] ECP.DefaultCtor
[       OK ] ECP.DefaultCtor (0 ms)
[ RUN      ] ECP.PosCtor
[       OK ] ECP.PosCtor (0 ms)
[ RUN      ] ECP.Sort
[       OK ] ECP.Sort (0 ms)
[----------] 3 tests from ECP (0 ms total)

[----------] 5 tests from ECPTest
[ RUN      ] ECPTest.CopyCtor
[       OK ] ECPTest.CopyCtor (0 ms)
[ RUN      ] ECPTest.AddPrim
[       OK ] ECPTest.AddPrim (0 ms)
[ RUN      ] ECPTest.SetPos
[       OK ] ECPTest.SetPos (0 ms)
[ RUN      ] ECPTest.Type1
[       OK ] ECPTest.Type1 (0 ms)
[ RUN      ] ECPTest.Evaluate
[       OK ] ECPTest.Evaluate (0 ms)
[----------] 5 tests from ECPTest (0 ms total)

[----------] 3 tests from ECPBasisTest
[ RUN      ] ECPBasisTest.NMaxL
[       OK ] ECPBasisTest.NMaxL (1 ms)
[ RUN      ] ECPBasisTest.ECPCore
[       OK ] ECPBasisTest.ECPCore (0 ms)
[ RUN      ] ECPBasisTest.AddFromFile
[       OK ] ECPBasisTest.AddFromFile (1 ms)
[----------] 3 tests from ECPBasisTest (2 ms total)

[----------] Global test environment tear-down
[==========] 11 tests from 3 test suites ran. (2 ms total)
[  PASSED  ] 11 tests.
<end of output>
Test time =   0.01 sec
----------------------------------------------------------
Test Passed.
"GaussianECP" end time: Sep 26 21:54 AEST
"GaussianECP" time elapsed: 00:00:00
----------------------------------------------------------

6/15 Testing: GaussQuad
6/15 Test: GaussQuad
Command: "/Users/robertshaw/devfiles/libecpint_new/build_debug/tests/units/gaussquad/quad_test"
Directory: /Users/robertshaw/devfiles/libecpint_new/build_debug/tests/units/gaussquad
"GaussQuad" start time: Sep 26 21:54 AEST
Output:
----------------------------------------------------------
[==========] Running 8 tests from 1 test suite.
[----------] Global test environment set-up.
[----------] 8 tests from GaussQuad/QuadTest
[ RUN      ] GaussQuad/QuadTest.CheckInit/0
[       OK ] GaussQuad/QuadTest.CheckInit/0 (0 ms)
[ RUN      ] GaussQuad/QuadTest.CheckInit/1
[       OK ] GaussQuad/QuadTest.CheckInit/1 (0 ms)
[ RUN      ] GaussQuad/QuadTest.IntegratePoly/0
[       OK ] GaussQuad/QuadTest.IntegratePoly/0 (0 ms)
[ RUN      ] GaussQuad/QuadTest.IntegratePoly/1
[       OK ] GaussQuad/QuadTest.IntegratePoly/1 (0 ms)
[ RUN      ] GaussQuad/QuadTest.IntegrateGauss/0
[       OK ] GaussQuad/QuadTest.IntegrateGauss/0 (0 ms)
[ RUN      ] GaussQuad/QuadTest.IntegrateGauss/1
[       OK ] GaussQuad/QuadTest.IntegrateGauss/1 (1 ms)
[ RUN      ] GaussQuad/QuadTest.TransformPoly/0
[       OK ] GaussQuad/QuadTest.TransformPoly/0 (0 ms)
[ RUN      ] GaussQuad/QuadTest.TransformPoly/1
[       OK ] GaussQuad/QuadTest.TransformPoly/1 (0 ms)
[----------] 8 tests from GaussQuad/QuadTest (1 ms total)

[----------] Global test environment tear-down
[==========] 8 tests from 1 test suite ran. (1 ms total)
[  PASSED  ] 8 tests.
<end of output>
Test time =   0.01 sec
----------------------------------------------------------
Test Passed.
"GaussQuad" end time: Sep 26 21:54 AEST
"GaussQuad" time elapsed: 00:00:00
----------------------------------------------------------

7/15 Testing: Generator
7/15 Test: Generator
Command: "/Users/robertshaw/devfiles/libecpint_new/build_debug/tests/units/generate/gen_test"
Directory: /Users/robertshaw/devfiles/libecpint_new/build_debug/tests/units/generate
"Generator" start time: Sep 26 21:54 AEST
Output:
----------------------------------------------------------
[==========] Running 3 tests from 1 test suite.
[----------] Global test environment set-up.
[----------] 3 tests from SumTermTest
[ RUN      ] SumTermTest.Operators
[       OK ] SumTermTest.Operators (0 ms)
[ RUN      ] SumTermTest.Indices
[       OK ] SumTermTest.Indices (0 ms)
[ RUN      ] SumTermTest.Compare
[       OK ] SumTermTest.Compare (0 ms)
[----------] 3 tests from SumTermTest (0 ms total)

[----------] Global test environment tear-down
[==========] 3 tests from 1 test suite ran. (0 ms total)
[  PASSED  ] 3 tests.
<end of output>
Test time =   0.00 sec
----------------------------------------------------------
Test Passed.
"Generator" end time: Sep 26 21:54 AEST
"Generator" time elapsed: 00:00:00
----------------------------------------------------------

8/15 Testing: IntTest1
8/15 Test: IntTest1
Command: "/Users/robertshaw/devfiles/libecpint_new/build_debug/tests/lib/int_test1/test1"
Directory: /Users/robertshaw/devfiles/libecpint_new/tests/lib/int_test1
"IntTest1" start time: Sep 26 21:54 AEST
Output:
----------------------------------------------------------
0.0739240924526688
0
0
0
0.0739240924526688
0
0
0
0.0739240924526688
0.70216695539157
0.706708149361497
0.494695704553048
0.751852998596651
0.487786304654201
0.396465833777161
-0.07183585807864
-0.0438143860665739
-0.033027259132403
-0.0295897959811563
-0.0283583272511363
0.200553141137176
-0.0267602289746426
0.663230618533993
0.213458880747848
-0.033027259132403
2.20577524977533
0.928522865947591
0.346924945078557
-0.0591795919623125
-0.0198508290757954
-0.0267602289746426
0.220049879390129
-0.0438143860665739
0.334505979173914
0.484956737647687
-0.100570201310096
0.721808848151
0.969913475295374
1.19751267565647
14.146371099022
13.2670498027608
9.28693486193255
14.3673782009118
9.30491476585838
7.588083157215
8.47020070887729
5.91834588237992
4.14677444127696
2.91353672272804
13.2670498027608
15.1030161926192
9.32061387190366
20.0118489419543
11.6949802963776
8.20677784201793
23.3478808610343
12.8948071658077
8.11437412251631
4.97631079011282
9.28693486193255
9.32061387190366
8.31228322880367
10.9222408113105
9.31069139211385
8.83079793747006
9.24552480327569
9.44375555458156
8.62559315264487
8.99811348965549
14.3673782009118
20.0118489419543
10.9222408113105
32.7397550275494
17.6195398836066
11.159376673072
53.9418493729379
27.3622459259272
16.1079360033318
9.31454958871819
9.30491476585838
11.6949802963776
9.31069139211385
17.6195398836066
13.1986515114364
11.1884333220318
25.7647694990722
19.4827450874738
15.5998646023422
13.9743614027014
7.588083157215
8.20677784201793
8.83079793747006
11.159376673072
11.1884333220318
11.75108883487
12.0479326025908
14.3184445176487
14.7122616207714
16.7717456874483
8.47020070887729
23.3478808610343
9.24552480327569
53.9418493729379
25.7647694990722
12.0479326025908
157.358527853503
75.5185891221131
41.0151513746839
19.4798618327796
5.91834588237992
12.8948071658077
9.44375555458156
27.3622459259272
19.4827450874738
14.3184445176487
75.5185891221131
51.5024379481852
37.6728917575927
29.9596555937077
4.14677444127697
8.11437412251631
8.62559315264487
16.1079360033318
15.5998646023422
14.7122616207714
41.0151513746839
37.6728917575927
33.8194812660271
33.5434913748965
2.91353672272805
4.97631079011282
8.99811348965549
9.31454958871819
13.9743614027014
16.7717456874483
19.4798618327796
29.9596555937077
33.5434913748965
40.68718361249
Test passed!
<end of output>
Test time =   0.42 sec
----------------------------------------------------------
Test Passed.
"IntTest1" end time: Sep 26 21:54 AEST
"IntTest1" time elapsed: 00:00:00
----------------------------------------------------------

9/15 Testing: IntTest2
9/15 Test: IntTest2
Command: "/Users/robertshaw/devfiles/libecpint_new/build_debug/tests/lib/int_test2/test2"
Directory: /Users/robertshaw/devfiles/libecpint_new/tests/lib/int_test2
"IntTest2" start time: Sep 26 21:54 AEST
Output:
----------------------------------------------------------
0.0856914824358418
0.134962227107214
0.0993638727813844
0.260139831580693
0.185906973100253
0.300777088117027
0.945542699449871
1.11919993202399
0.408193345448028
1.55113471270251
0.0919631150502807
0.348493642013853
1.32453010154138
0.408193345448029
0.558699416746424
0.772628366730683
0.408193345448028
0.772628366730683
0.69759760417012
1.55113471270251
0.772628366730683
3.29136395592021
0.348493642013853
0.809212005411392
3.85351196653512
0.0919631150502807
0.408193345448028
0.348493642013853
1.11919993202399
1.55113471270251
1.32453010154138
0.348493642013853
0.772628366730683
0.809212005411392
1.55113471270251
3.29136395592021
3.85351196653512
1.32453010154138
0.697597604170121
3.85351196653512
1.32453010154138
3.85351196653512
20.2345818712223
Test passed!
<end of output>
Test time =   0.08 sec
----------------------------------------------------------
Test Passed.
"IntTest2" end time: Sep 26 21:54 AEST
"IntTest2" time elapsed: 00:00:00
----------------------------------------------------------

10/15 Testing: DerivTest1
10/15 Test: DerivTest1
Command: "/Users/robertshaw/devfiles/libecpint_new/build_debug/tests/lib/deriv_test1/deriv_test1"
Directory: /Users/robertshaw/devfiles/libecpint_new/tests/lib/deriv_test1
"DerivTest1" start time: Sep 26 21:54 AEST
Output:
----------------------------------------------------------
0
0
0
0
0
0
0
0
0
0
0
0
0
0
0
0
0
0
0
0
0
0
0
0
0
0
0
0
0
0
0
0
0
0
0
0
0
0
0
0
0
0
0
0
0
0
0
0
0
0
0
0
0
0
0
0
0
0
0
0
0
0
0
0
0
0
0
0
0
0
0
0
0
0
0
0
0
0
0
0
0
0.328848142193167
-0.0434223761158834
-0.0303956632811184
-0.0297460624676871
-0.0193106717834354
-0.0156768587397555
-0.0281428497554287
0.148772685394893
-0.0193106717834354
-0.0250793020283602
-0.00751085248276979
0.00246652464494851
-0.0196999948288001
-0.0193106717834354
0.162841889122825
0.00318481596954854
-0.0128130017155063
-0.0190137601379367
-0.0281428497554286
0.148772685394893
-0.0193106717834354
-0.0250793020283602
-0.0075108524827698
0.00246652464494851
-0.00682677292700493
-0.040358828388815
-0.00751085248276979
0.226095624976801
-0.056502359744341
-0.0119770717723328
0.00208066512120126
-0.0075108524827698
-0.0128130017155063
-0.0351110228397043
0.143622386549565
-0.0380275202758734
-0.0196999948288
-0.0193106717834354
0.162841889122825
0.00318481596954853
-0.0128130017155063
-0.0190137601379367
0.00208066512120126
-0.00751085248276979
-0.0128130017155063
-0.0351110228397043
0.143622386549565
-0.0380275202758735
-0.00834268608673727
-0.0128130017155063
-0.0297094285902551
-0.0275621886599966
-0.0594188571805101
0.294967394705815
-0.328848142193167
0.0434223761158834
0.0303956632811184
0.0297460624676871
0.0193106717834354
0.0156768587397555
0.0281428497554287
-0.148772685394893
0.0193106717834354
0.0250793020283602
0.00751085248276979
-0.00246652464494851
0.0196999948288001
0.0193106717834354
-0.162841889122825
-0.00318481596954854
0.0128130017155063
0.0190137601379367
0.0281428497554286
-0.148772685394893
0.0193106717834354
0.0250793020283602
0.0075108524827698
-0.00246652464494851
0.00682677292700493
0.040358828388815
0.00751085248276979
-0.226095624976801
0.056502359744341
0.0119770717723328
-0.00208066512120126
0.0075108524827698
0.0128130017155063
0.0351110228397043
-0.143622386549565
0.0380275202758734
0.0196999948288
0.0193106717834354
-0.162841889122825
-0.00318481596954853
0.0128130017155063
0.0190137601379367
-0.00208066512120126
0.00751085248276979
0.0128130017155063
0.0351110228397043
-0.143622386549565
0.0380275202758735
0.00834268608673727
0.0128130017155063
0.0297094285902551
0.0275621886599966
0.0594188571805101
-0.294967394705815
0
0
0
0
0
0
0
0
0
0
0
0
0
0
0
0
0
0
0
0
0
0
0
0
0
0
0
0
0
0
0
0
0
0
0
0
0
0
0
0
0
0
0
0
0
0
0
0
0
0
0
0
0
0
-3.75628200059977
-4.74895876319118
-3.32427113423383
-5.58655178965473
-3.66069256902211
-2.91947577508148
-1.4308057958584
-2.93426390643288
-1.67919267295928
-7.70193337079852
-4.37781378287305
-2.87484429538192
-1.00156405710088
-1.67919267295928
-1.71085210184826
-3.8527260796578
-3.62496958568942
-3.5510182866685
0.324155980313984
0.52119914369578
0.282581184472956
0.806459743896506
0.413228809338158
0.225106922522314
0.21076104705453
0.302332041333336
0.241597921946325
0.41497934921603
0.330746807397976
0.27611090374621
0.170601503174255
0.213382412145782
0.231625904616137
0.223831529182722
0.274360363868338
0.304226524363609
0.275798366951536
0.344609258139153
0.209010507176658
0.376580664099759
0.212608647527787
0.126527762378375
-1.69202620127522
-1.99039751372842
-1.47553647572398
-2.06991717336839
-1.47497437079778
-1.27557910635783
0.21076104705453
0.302332041333336
0.241597921946325
0.41497934921603
0.330746807397976
0.27611090374621
-3.14511168450658
-5.80392445486756
-3.45647426686061
-13.9317034786327
-8.12549423681458
-5.51526546749671
-1.01779549963709
-1.47497437079778
-1.6025369464199
-2.89788404271575
-3.00180851084689
-3.13685193104919
0.127728132580344
0.26665866896544
0.274360363868338
0.661137932133608
0.643166450418644
0.608453048727217
0.193058856866075
0.209010507176658
0.192330174339017
0.174201604513056
0.181394966685134
0.177974294021638
0.21076104705453
0.302332041333336
0.241597921946325
0.41497934921603
0.330746807397976
0.27611090374621
-1.84558067841495
-2.29821424527841
-1.5264917555808
-2.65254538808218
-1.6138428162676
-1.19645950451654
0.176827414329864
0.413228809338158
0.30064532976738
1.12904364145511
0.80455604152766
0.592140649640953
-1.57887603022959
-3.01221449560659
-1.6138428162676
-7.41737610276467
-3.9472559799822
-2.39291900903307
-2.28899590067823
-3.59534271233043
-3.51951384348942
-7.68200996917386
-7.03902768697883
-6.76333889761023
-3.75628200059977
-1.4308057958584
-1.00156405710088
0.324155980313984
0.21076104705453
0.170601503174255
-4.74895876319118
-2.93426390643288
-1.67919267295928
0.52119914369578
0.302332041333336
0.213382412145782
-3.32427113423383
-1.67919267295928
-1.71085210184826
0.282581184472956
0.241597921946325
0.231625904616137
-5.58655178965473
-7.70193337079852
-3.8527260796578
0.806459743896506
0.41497934921603
0.223831529182722
-3.66069256902211
-4.37781378287305
-3.62496958568942
0.413228809338158
0.330746807397976
0.274360363868338
-2.91947577508148
-2.87484429538192
-3.5510182866685
0.225106922522314
0.27611090374621
0.304226524363609
0.275798366951536
-1.69202620127522
0.21076104705453
-3.14511168450658
-1.01779549963709
0.127728132580344
0.344609258139153
-1.99039751372842
0.302332041333336
-5.80392445486756
-1.47497437079778
0.26665866896544
0.209010507176658
-1.47553647572398
0.241597921946325
-3.45647426686061
-1.6025369464199
0.274360363868338
0.376580664099759
-2.06991717336839
0.41497934921603
-13.9317034786327
-2.89788404271575
0.661137932133608
0.212608647527787
-1.47497437079778
0.330746807397976
-8.12549423681458
-3.00180851084689
0.643166450418644
0.126527762378375
-1.27557910635783
0.27611090374621
-5.51526546749671
-3.13685193104919
0.608453048727217
0.193058856866075
0.21076104705453
-1.84558067841495
0.176827414329864
-1.57887603022959
-2.28899590067823
0.209010507176658
0.302332041333336
-2.29821424527841
0.413228809338158
-3.01221449560659
-3.59534271233043
0.192330174339017
0.241597921946325
-1.5264917555808
0.30064532976738
-1.6138428162676
-3.51951384348942
0.174201604513056
0.41497934921603
-2.65254538808218
1.12904364145511
-7.41737610276467
-7.68200996917386
0.181394966685134
0.330746807397976
-1.6138428162676
0.80455604152766
-3.9472559799822
-7.03902768697883
0.177974294021638
0.27611090374621
-1.19645950451654
0.592140649640953
-2.39291900903307
-6.76333889761023
7.51256400119954
6.17976455904958
4.32583519133471
5.26239580934075
3.44993152196758
2.74887427190723
6.17976455904958
5.86852781286575
3.35838534591856
7.18073422710274
4.07548174153972
2.66146188323614
4.32583519133471
3.35838534591856
3.42170420369652
3.57014489518485
3.38337166374309
3.31939238205237
5.26239580934075
7.18073422710274
3.57014489518485
-1.61291948779301
-0.828208158554188
-0.448938451705036
3.44993152196758
4.07548174153972
3.38337166374309
-0.828208158554188
-0.661493614795951
-0.550471267614548
2.74887427190723
2.66146188323614
3.31939238205237
-0.448938451705036
-0.550471267614548
-0.608453048727217
-0.551596733903073
1.34741694313607
-0.419771554231189
2.76853102040682
0.805186852109304
-0.254255894958719
1.34741694313607
3.98079502745683
1.17320443439064
7.87384162823596
2.94994874159556
1.00892043739239
-0.419771554231189
1.17320443439064
-0.483195843892651
3.04149491764458
1.27179013902192
-0.550471267614548
2.76853102040682
7.87384162823596
3.04149491764458
27.8634069572655
11.0233782795303
4.8541275353631
0.805186852109304
2.94994874159556
1.27179013902192
11.0233782795303
6.00361702169379
2.49368548063054
-0.254255894958719
1.00892043739239
-0.550471267614548
4.8541275353631
2.49368548063054
-1.21690609745443
-0.386117713732151
-0.419771554231189
1.65325050407594
-0.35102901884292
1.39748106354446
2.11102160665659
-0.419771554231189
-0.604664082666673
2.05661632333209
-0.828208158554188
2.68146768820861
3.31923180858422
1.65325050407594
2.05661632333209
3.0529835111616
2.3519000583148
3.2276856325352
4.71597334800595
-0.35102901884292
-0.828208158554188
2.3519000583148
-2.25808728291021
6.61282006123701
7.08986931953291
1.39748106354446
2.68146768820861
3.2276856325352
6.61282006123701
7.89451195996439
9.43194669601191
2.11102160665659
3.31923180858422
4.71597334800595
7.08986931953291
9.43194669601191
13.5266777952205
Test passed!
<end of output>
Test time =   0.36 sec
----------------------------------------------------------
Test Passed.
"DerivTest1" end time: Sep 26 21:54 AEST
"DerivTest1" time elapsed: 00:00:00
----------------------------------------------------------

11/15 Testing: DerivTest2
11/15 Test: DerivTest2
Command: "/Users/robertshaw/devfiles/libecpint_new/build_debug/tests/lib/deriv_test2/deriv_test2"
Directory: /Users/robertshaw/devfiles/libecpint_new/tests/lib/deriv_test2
"DerivTest2" start time: Sep 26 21:54 AEST
Output:
----------------------------------------------------------
-0.00814293418517241
-0.0244288025555172
0.00814293584171418
-0.00814293418517241
-0.0244288025555172
0.00814293584171418
0.0162858683703448
0.0488576051110345
-0.0162858716834284
0.0555507920420614
-0.00131691120141166
0.0570468788107029
-0.0193406953191662
-0.00359359633375308
0.0456072070498344
-0.0979514735374136
-0.113279048008719
-0.0691478698325327
0.0326551054886015
-0.0397586399480001
-0.0853260568566253
-0.022984765474023
-0.118308718575312
-0.151506504229025
-0.0814503889826438
-0.195985882281045
-0.22057486102538
-0.128629646843881
0.104361665958817
0.010701950113488
0.0344253041634818
0.02686271641111
0.0495185386031163
0.075933421456495
0.0868460306170162
0.0938485589692515
0.138854863444963
0.173357432521188
0.17299317529322
-0.396307979101449
-0.193619860088424
-0.508521800807811
-0.180825280537571
-0.29254699466356
-0.924310378970802
0.00600076484916272
0.00876280558487445
0.0152422638151773
0.0464108063225282
0.00510788547434459
-0.129880534544533
0.00823009345346684
-0.192726980713606
-0.251377025995819
0.0152422638151773
-0.543163752028128
-0.582853309841063
-0.916436747996647
0.052809870306797
0.0117578623535753
0.00823009345346684
-0.113729906628146
0.00876280558487445
-0.0841216089662071
-0.473868856838858
0.0187008663929903
-0.156801021647029
-0.548744305927257
-2.64947225990419
0.340757187059387
0.194936771289836
0.451474921997108
0.200165975856737
0.296140590997313
0.878703171920968
0.0919507086882509
0.104516242423845
0.0539056060173555
-0.0790659118111297
0.0346507544736556
0.215206591401158
0.0147546720205561
0.311035699288918
0.402883530224843
0.0662081251674665
0.739149634309173
0.803428170866443
1.04506639484053
-0.157171536265614
-0.0224598124670633
-0.0426553976169486
0.086867190217036
-0.0582813441879908
0.00818818750971215
0.387022826221842
-0.112549425362242
0.0179461582020653
0.375386873406068
2.47647908461097
-5.32144447561469
-1.57103622355239
-5.96993764949908
-1.29293847897786
-2.17580142987942
-8.98840458886716
-0.103256702050645
-0.463616354893209
-1.88772603315134
-7.10211803887432
-1.33483083207566
-1.15413715458543
-1.4281277834597
-1.15831340632857
-2.01120793378584
-3.0332416025899
-1.36523998043572
-1.46353058002135
-3.05372803605762
-2.85866168646908
-5.07235716188751
-1.4281277834597
-6.20519963082184
-1.82310551862259
-3.08274223815918
-14.1048035152676
-0.679111243611005
-1.66654436745828
-3.64308102287942
-18.0393352442012
0.0159311566849401
-0.419044211498255
-0.11034068897326
-0.510244281857224
-0.700939685087046
-0.562196203900234
-1.80606998120959
-2.01908533384101
-3.03007876234267
-2.35534384958718
-0.266280933244732
-0.888530578757036
-0.755567895350648
-0.701052544291492
-1.50284893982856
-1.72414921923228
-2.60487666909313
-3.17576857426803
-7.11809058163519
-9.00842008304872
-0.925862459843797
-0.550781082249655
-3.5749954272688
-0.562595369086485
-1.72403636002783
-9.0874008276603
-1.21923479450164
-3.89238766525453
-9.55744384510455
-51.0619272073194
0.0434346836444571
0.0387470512769901
0.0317473203839571
0.0429233030201341
0.0626568946355214
0.0855840626464447
0.0738438320045185
0.0671501169456028
0.106070496114156
0.0269641714851509
0.0716051926592126
0.0465864059111597
0.0670425731462305
0.0586701030116153
0.0904207233240021
0.173816593584442
0.0669243622521135
0.0811949541005886
0.133097364450648
0.176092884727975
0.106846788190548
0.0932843243943361
0.135176181293669
0.0932843243943361
0.179760917911464
0.337729994108514
0.106846788190548
0.135176181293669
0.337729994108514
0.523011273165149
0.499464400313807
0.120337095766466
0.655370871616489
0.178207615731036
0.334351252853149
1.71548808751673
0.0332006220142151
0.181870580885717
0.519079394172596
2.84610517081816
0.0738438320045184
0.0429233030201341
0.0671501169456029
0.0387470512769901
0.0626568946355215
0.106070496114156
0.0434346836444571
0.0317473203839571
0.0855840626464447
0.0269641714851508
-1.80606998120959
-0.510244281857224
-2.01908533384101
-0.419044211498255
-0.700939685087046
-3.03007876234267
0.0159311566849401
-0.11034068897326
-0.562196203900234
-2.35534384958718
0.0669243622521135
0.0586701030116153
0.0811949541005886
0.0465864059111597
0.0904207233240021
0.133097364450648
0.0716051926592126
0.0670425731462305
0.173816593584442
0.176092884727975
-1.36523998043572
-1.15831340632857
-1.46353058002135
-1.15413715458543
-2.01120793378584
-3.05372803605762
-1.33483083207566
-1.4281277834597
-3.03324160258991
-2.85866168646908
-2.60487666909313
-0.701052544291492
-3.17576857426803
-0.888530578757036
-1.50284893982856
-7.11809058163519
-0.266280933244732
-0.755567895350648
-1.72414921923228
-9.00842008304873
0.106846788190548
0.0932843243943361
0.135176181293669
0.0932843243943361
0.179760917911464
0.337729994108514
0.106846788190548
0.135176181293669
0.337729994108514
0.523011273165149
-0.103256702050645
-1.29293847897786
-0.463616354893209
-1.57103622355239
-2.17580142987942
-1.88772603315134
-5.32144447561469
-5.96993764949908
-8.98840458886716
-7.10211803887432
-0.679111243611005
-1.82310551862259
-1.66654436745828
-1.4281277834597
-3.08274223815918
-3.64308102287942
-5.07235716188751
-6.20519963082184
-14.1048035152676
-18.0393352442012
-1.21923479450164
-0.562595369086485
-3.89238766525453
-0.550781082249655
-1.72403636002783
-9.55744384510455
-0.925862459843797
-3.5749954272688
-9.0874008276603
-51.0619272073194
0.0332006220142151
0.178207615731036
0.181870580885717
0.120337095766466
0.334351252853149
0.519079394172596
0.499464400313807
0.655370871616489
1.71548808751673
2.84610517081815
0.28060656161717
0.0671501169456028
0.280422664006687
0.0712958449147154
0.103797088145947
0.479010835171638
-0.0127006526173141
0.00698133144419653
0.0714121444864221
0.329690691352181
0.0669243622521135
0.0586701030116153
0.0811949541005886
0.0465864059111597
0.0904207233240021
0.133097364450648
0.0716051926592126
0.0670425731462305
0.173816593584442
0.176092884727975
-1.56936907892844
-0.465582792439575
-1.68905754848683
-0.386197008917436
-0.614428726547558
-2.42741284027541
-0.0407402756917479
-0.0977051416048204
-0.429573299277228
-1.29960908413497
0.0716051926592126
0.0465864059111597
0.0670425731462305
0.0586701030116153
0.0904207233240021
0.173816593584442
0.0669243622521135
0.0811949541005886
0.133097364450648
0.176092884727975
-0.597490543849542
-0.505245904408444
-0.612462768908983
-0.505245904408444
-0.857171496299216
-1.23192605524352
-0.597490543849541
-0.612462768908983
-1.23192605524352
-0.919801655811968
-4.85349932319087
-1.37494080463884
-5.83025142321204
-1.71619374780627
-2.85218807345198
-12.8683262629225
-0.633209968979476
-1.49165511801676
-3.19541377319325
-15.5229207647352
-0.0127006526173141
0.0712958449147154
0.00698133144419658
0.0671501169456028
0.103797088145947
0.0714121444864221
0.28060656161717
0.280422664006687
0.479010835171638
0.329690691352181
-0.0407402756917479
-0.386197008917436
-0.0977051416048204
-0.465582792439575
-0.614428726547558
-0.429573299277228
-1.56936907892844
-1.68905754848683
-2.42741284027541
-1.29960908413497
-0.633209968979476
-1.71619374780627
-1.49165511801676
-1.37494080463884
-2.85218807345198
-3.19541377319325
-4.85349932319088
-5.83025142321204
-12.8683262629225
-15.5229207647352
-3.56623510356077
-1.81192575588044
-10.9501859671239
-1.81192575588044
-5.10162000437328
-26.5344550028862
-3.56623510356077
-10.9501859671239
-26.5344550028862
-140.350389712312
-5.32144447561469
-1.33483083207566
-5.07235716188751
0.0159311566849401
-0.266280933244732
-0.925862459843797
0.0434346836444571
0.0716051926592126
0.106846788190548
0.499464400313807
-1.57103622355239
-1.15413715458543
-1.4281277834597
-0.419044211498255
-0.888530578757036
-0.550781082249655
0.0387470512769901
0.0465864059111597
0.0932843243943361
0.120337095766466
-5.96993764949908
-1.4281277834597
-6.20519963082184
-0.11034068897326
-0.755567895350648
-3.5749954272688
0.0317473203839571
0.0670425731462305
0.135176181293669
0.655370871616489
-1.29293847897786
-1.15831340632857
-1.82310551862259
-0.510244281857224
-0.701052544291492
-0.562595369086485
0.0429233030201341
0.0586701030116153
0.0932843243943361
0.178207615731036
-2.17580142987942
-2.01120793378584
-3.08274223815918
-0.700939685087046
-1.50284893982856
-1.72403636002783
0.0626568946355214
0.0904207233240021
0.179760917911464
0.334351252853149
-8.98840458886716
-3.0332416025899
-14.1048035152676
-0.562196203900234
-1.72414921923228
-9.0874008276603
0.0855840626464447
0.173816593584442
0.337729994108514
1.71548808751673
-0.103256702050645
-1.36523998043572
-0.679111243611005
-1.80606998120959
-2.60487666909313
-1.21923479450164
0.0738438320045185
0.0669243622521135
0.106846788190548
0.0332006220142151
-0.463616354893209
-1.46353058002135
-1.66654436745828
-2.01908533384101
-3.17576857426803
-3.89238766525453
0.0671501169456028
0.0811949541005886
0.135176181293669
0.181870580885717
-1.88772603315134
-3.05372803605762
-3.64308102287942
-3.03007876234267
-7.11809058163519
-9.55744384510455
0.106070496114156
0.133097364450648
0.337729994108514
0.519079394172596
-7.10211803887432
-2.85866168646908
-18.0393352442012
-2.35534384958718
-9.00842008304872
-51.0619272073194
0.0269641714851509
0.176092884727975
0.523011273165149
2.84610517081816
0.0738438320045184
-1.80606998120959
0.0669243622521135
-1.36523998043572
-2.60487666909313
0.106846788190548
-0.103256702050645
-0.679111243611005
-1.21923479450164
0.0332006220142151
0.0429233030201341
-0.510244281857224
0.0586701030116153
-1.15831340632857
-0.701052544291492
0.0932843243943361
-1.29293847897786
-1.82310551862259
-0.562595369086485
0.178207615731036
0.0671501169456029
-2.01908533384101
0.0811949541005886
-1.46353058002135
-3.17576857426803
0.135176181293669
-0.463616354893209
-1.66654436745828
-3.89238766525453
0.181870580885717
0.0387470512769901
-0.419044211498255
0.0465864059111597
-1.15413715458543
-0.888530578757036
0.0932843243943361
-1.57103622355239
-1.4281277834597
-0.550781082249655
0.120337095766466
0.0626568946355215
-0.700939685087046
0.0904207233240021
-2.01120793378584
-1.50284893982856
0.179760917911464
-2.17580142987942
-3.08274223815918
-1.72403636002783
0.334351252853149
0.106070496114156
-3.03007876234267
0.133097364450648
-3.05372803605762
-7.11809058163519
0.337729994108514
-1.88772603315134
-3.64308102287942
-9.55744384510455
0.519079394172596
0.0434346836444571
0.0159311566849401
0.0716051926592126
-1.33483083207566
-0.266280933244732
0.106846788190548
-5.32144447561469
-5.07235716188751
-0.925862459843797
0.499464400313807
0.0317473203839571
-0.11034068897326
0.0670425731462305
-1.4281277834597
-0.755567895350648
0.135176181293669
-5.96993764949908
-6.20519963082184
-3.5749954272688
0.655370871616489
0.0855840626464447
-0.562196203900234
0.173816593584442
-3.03324160258991
-1.72414921923228
0.337729994108514
-8.98840458886716
-14.1048035152676
-9.0874008276603
1.71548808751673
0.0269641714851508
-2.35534384958718
0.176092884727975
-2.85866168646908
-9.00842008304873
0.523011273165149
-7.10211803887432
-18.0393352442012
-51.0619272073194
2.84610517081815
0.28060656161717
0.0669243622521135
-1.56936907892844
0.0716051926592126
-0.597490543849542
-4.85349932319087
-0.0127006526173141
-0.0407402756917479
-0.633209968979476
-3.56623510356077
0.0671501169456028
0.0586701030116153
-0.465582792439575
0.0465864059111597
-0.505245904408444
-1.37494080463884
0.0712958449147154
-0.386197008917436
-1.71619374780627
-1.81192575588044
0.280422664006687
0.0811949541005886
-1.68905754848683
0.0670425731462305
-0.612462768908983
-5.83025142321204
0.00698133144419658
-0.0977051416048204
-1.49165511801676
-10.9501859671239
0.0712958449147154
0.0465864059111597
-0.386197008917436
0.0586701030116153
-0.505245904408444
-1.71619374780627
0.0671501169456028
-0.465582792439575
-1.37494080463884
-1.81192575588044
0.103797088145947
0.0904207233240021
-0.614428726547558
0.0904207233240021
-0.857171496299216
-2.85218807345198
0.103797088145947
-0.614428726547558
-2.85218807345198
-5.10162000437328
0.479010835171638
0.133097364450648
-2.42741284027541
0.173816593584442
-1.23192605524352
-12.8683262629225
0.0714121444864221
-0.429573299277228
-3.19541377319325
-26.5344550028862
-0.0127006526173141
0.0716051926592126
-0.0407402756917479
0.0669243622521135
-0.597490543849541
-0.633209968979476
0.28060656161717
-1.56936907892844
-4.85349932319088
-3.56623510356077
0.00698133144419653
0.0670425731462305
-0.0977051416048204
0.0811949541005886
-0.612462768908983
-1.49165511801676
0.280422664006687
-1.68905754848683
-5.83025142321204
-10.9501859671239
0.0714121444864221
0.173816593584442
-0.429573299277228
0.133097364450648
-1.23192605524352
-3.19541377319325
0.479010835171638
-2.42741284027541
-12.8683262629225
-26.5344550028862
0.329690691352181
0.176092884727975
-1.29960908413497
0.176092884727975
-0.919801655811968
-15.5229207647352
0.329690691352181
-1.29960908413497
-15.5229207647352
-140.350389712312
10.6428889512294
2.90586705562805
11.0422948113866
1.27700732229292
2.44208236312415
9.91426704871096
0.0598220184061879
0.392011162233997
1.78087924496079
6.60265363856051
2.90586705562805
2.30827430917085
2.8562555669194
1.57735761782683
2.89973851254287
3.58402268483956
1.32649292915873
1.41694417411019
2.96044371166328
2.73832459070262
11.0422948113866
2.8562555669194
12.4103992616437
1.93344620759585
3.83831013350983
17.6797989425364
0.647363923227048
1.59950179431205
3.50790484158575
17.3839643725847
1.27700732229292
1.57735761782683
1.93344620759585
1.02048856371445
1.40199222937854
1.12479157298672
1.76314667818946
1.96041523082939
2.93679443794833
2.17713623385614
2.44208236312415
2.89973851254287
3.83831013350983
1.40199222937854
3.00569787965712
3.4481855792601
2.54221977445761
3.08534785094403
6.93832966372372
8.67406883019558
9.91426704871096
3.58402268483956
17.6797989425364
1.12479157298672
3.4481855792601
18.1748016553206
1.1336507318552
3.71857107167009
9.21971385099604
49.3464391198027
0.0598220184061879
1.32649292915873
0.647363923227048
1.76314667818946
2.54221977445761
1.1336507318552
-0.147687664009037
-0.134074479197716
-0.212917284304704
-0.060164793499366
0.392011162233997
1.41694417411019
1.59950179431205
1.96041523082939
3.08534785094403
3.71857107167009
-0.134074479197716
-0.162389908201177
-0.268273545744317
-0.357963465613692
1.78087924496079
2.96044371166328
3.50790484158575
2.93679443794833
6.93832966372372
9.21971385099604
-0.212917284304704
-0.268273545744317
-0.675459988217027
-1.04209066733775
6.60265363856051
2.73832459070262
17.3839643725847
2.17713623385614
8.67406883019558
49.3464391198027
-0.060164793499366
-0.357963465613692
-1.04209066733775
-5.69221034163631
-0.147687664009037
1.76314667818946
-0.134074479197716
1.32649292915873
2.54221977445761
-0.212917284304704
0.0598220184061879
0.647363923227048
1.1336507318552
-0.0601647934993659
1.76314667818946
1.02048856371445
1.96041523082939
1.57735761782683
1.40199222937854
2.93679443794833
1.27700732229292
1.93344620759585
1.12479157298672
2.17713623385614
-0.134074479197716
1.96041523082939
-0.162389908201177
1.41694417411019
3.08534785094403
-0.268273545744317
0.392011162233997
1.59950179431205
3.71857107167009
-0.357963465613693
1.32649292915873
1.57735761782683
1.41694417411019
2.30827430917085
2.89973851254287
2.96044371166328
2.90586705562805
2.8562555669194
3.58402268483956
2.73832459070262
2.54221977445761
1.40199222937854
3.08534785094403
2.89973851254287
3.00569787965712
6.93832966372372
2.44208236312415
3.83831013350983
3.4481855792601
8.67406883019558
-0.212917284304704
2.93679443794833
-0.268273545744317
2.96044371166328
6.93832966372372
-0.675459988217027
1.78087924496079
3.50790484158575
9.21971385099604
-1.04209066733775
0.0598220184061879
1.27700732229292
0.392011162233997
2.90586705562805
2.44208236312415
1.78087924496079
10.6428889512294
11.0422948113866
9.91426704871096
6.60265363856051
0.647363923227048
1.93344620759585
1.59950179431205
2.8562555669194
3.83831013350983
3.50790484158575
11.0422948113866
12.4103992616437
17.6797989425364
17.3839643725847
1.1336507318552
1.12479157298672
3.71857107167009
3.58402268483956
3.4481855792601
9.21971385099604
9.91426704871096
17.6797989425364
18.1748016553206
49.3464391198027
-0.0601647934993659
2.17713623385614
-0.357963465613693
2.73832459070262
8.67406883019558
-1.04209066733775
6.60265363856051
17.3839643725847
49.3464391198027
-5.69221034163631
-0.561213123234339
-0.134074479197716
1.28894641492175
-0.142901037573928
0.493693455703595
4.37448848801924
0.0254013052346282
0.0337589442475514
0.561797824493054
3.23654441220859
-0.134074479197716
-0.117340206023231
0.384387838338986
-0.0931728118223193
0.414825181084442
1.24184344018819
-0.142901037573928
0.319154435771206
1.54237715422182
1.63583287115246
1.28894641492175
0.384387838338986
3.37811509697366
0.319154435771205
1.22689149545654
8.25766426348745
0.0337589442475513
0.195410283209641
1.92122841729398
12.2497950512588
-0.142901037573928
-0.0931728118223193
0.319154435771205
-0.117340206023231
0.414825181084442
1.54237715422182
-0.134074479197716
0.384387838338986
1.24184344018819
1.63583287115246
0.493693455703595
0.414825181084442
1.22689149545654
0.414825181084442
1.71434299259843
4.08411412869549
0.493693455703595
1.22689149545654
4.0841141286955
6.02142166018525
4.37448848801924
1.24184344018819
8.25766426348745
1.54237715422182
4.08411412869549
25.7366525258451
0.561797824493054
1.92122841729398
6.3908275463865
42.0573757676214
0.0254013052346282
-0.142901037573928
0.0337589442475513
-0.134074479197716
0.493693455703595
0.561797824493054
-0.561213123234339
1.28894641492175
4.37448848801924
3.23654441220859
0.0337589442475514
0.319154435771206
0.195410283209641
0.384387838338986
1.22689149545654
1.92122841729398
1.28894641492175
3.37811509697366
8.25766426348745
12.2497950512588
0.561797824493054
1.54237715422182
1.92122841729398
1.24184344018819
4.0841141286955
6.3908275463865
4.37448848801924
8.25766426348745
25.7366525258451
42.0573757676214
3.23654441220859
1.63583287115246
12.2497950512588
1.63583287115246
6.02142166018525
42.0573757676214
3.23654441220859
12.2497950512588
42.0573757676214
280.700779424625
Test passed!
<end of output>
Test time =   1.98 sec
----------------------------------------------------------
Test Passed.
"DerivTest2" end time: Sep 26 21:54 AEST
"DerivTest2" time elapsed: 00:00:01
----------------------------------------------------------

12/15 Testing: HessTest1
12/15 Test: HessTest1
Command: "/Users/robertshaw/devfiles/libecpint_new/build_debug/tests/lib/hess_test1/hess_test1"
Directory: /Users/robertshaw/devfiles/libecpint_new/tests/lib/hess_test1
"HessTest1" start time: Sep 26 21:54 AEST
Output:
----------------------------------------------------------
0
0
0
0
0
0
0
0
0
0
0
0
0
0
0
0
0
0
0
0
0
0
0
0
0
0
0
0
0
0
0
0
0
0
0
0
0
0
0
0
0
0
0
0
0
0
0
0
0
0
0
0
0
0
0
0
0
0
0
0
0
0
0
0
0
0
0
0
0
0
0
0
0
0
0
0
0
0
0
0
0
0
0
0
0
0
0
0
0
0
0
0
0
0
0
0
0
0
0
0
0
0
0
0
0
0
0
0
0
0
0
0
0
0
0
0
0
0
0
0
0
0
0
0
0
0
0
0
0
0
0
0
0
0
0
0
0
0
0
0
0
0
0
0
0
0
0
0
0
0
0
0
0
0
0
0
0
0
0
0
0
0
0
0
0
0
0
0
0
0
0
0
0
0
0
0
0
0
0
0
0
0
0
0
0
0
0
0
0
0
0
0
0
0
0
0
0
0
0
0
0
0
0
0
0
0
0
0
0
0
0
0
0
0
0
0
0
0
0
0
0
0
0
0
0
0
0
0
0
0
0
0
0
0
0
0
0
0
0
0
0
0
0
0
0
0
0
0
0
0
0
0
0
0
0
0
0
0
0
0
0
0
0
0
0
0
0
0
0
0
0
0
0
0
0
0
0
0
0
0
0
0
0
0
0
0
0
0
0
0
0
0
0
0
0
0
0
0
0
0
0
0
0
0
0
0
0
0
0
0
0
0
0
0
0
0
0
0
0
0
0
0
0
0
0
0
0
0
0
0
0
0
0
0
0
0
0
0
0
0
0
0
0
0
0
0
0
0
0
0
0
0
0
0
0
0
0
0
0
0
0
0
0
0
0
0
0
0
0
0
0
0
0
0
0
0
0
0
0
0
0
0
0
0
0
0
0
0
0
0
0
0
0
0
0
0
0
0
0
0
0
0
0
0
0
-0.0841517116159939
-0.0390183185562718
-0.0273128229893903
0.00521439665243241
0.00330636937152568
0.00280547039603514
-0.0251729714893636
-0.0169878032414764
0.00330636937152571
-0.0262573548701815
-0.0087612195725274
0.000677891502173304
-0.0176210800425545
0.0033063693715257
-0.0193967294978737
0.000930523374308366
-0.0131674555647349
-0.0188361477319141
-0.0251729714893636
-0.0169878032414765
0.00330636937152568
-0.0262573548701815
-0.00876121957252743
0.000677891502173278
-0.0122163986483421
-0.0401027019370898
-0.0087612195725274
-0.0108110263950648
0.000358577032415317
-0.00234400396307617
0.00129851836056057
-0.0087612195725274
-0.0131674555647349
-0.00164927397854978
-0.00711540855621051
0.00035522481204523
-0.0176210800425545
0.00330636937152568
-0.0193967294978737
0.000930523374308331
-0.013167455564735
-0.0188361477319141
0.00129851836056057
-0.0087612195725274
-0.0131674555647349
-0.00164927397854982
-0.0071154085562105
0.00035522481204524
-0.0131624620253219
-0.0131674555647349
-0.0285278906787499
-0.000881141083658721
0.00236307582301037
-0.0113310820246003
-0.0122163986483421
-0.0401027019370898
-0.00876121957252743
-0.0108110263950648
0.000358577032415355
-0.00234400396307616
-8.40029911583409e-07
-0.0155824309881991
0.000358577032415317
-0.15249831362448
-0.0218154033834788
0.000245041363744656
-0.00208125314213934
0.000358577032415359
-0.00711540855621051
-0.0151354369530907
-0.0398568205434336
-0.0183033105138463
0.00129851836056054
-0.00876121957252743
-0.013167455564735
-0.00164927397854978
-0.00711540855621049
0.000355224812045243
-0.00208125314213935
0.000358577032415317
-0.0071154085562105
-0.0151354369530907
-0.0398568205434335
-0.0183033105138463
-0.000698920619631377
-0.00711540855621051
0.00236307582301037
-0.02738828559833
-0.0249832769442343
-0.0226621640492007
-0.013162462025322
-0.013167455564735
-0.0285278906787499
-0.000881141083658702
0.00236307582301038
-0.0113310820246003
-0.00069892061963136
-0.0071154085562105
0.00236307582301038
-0.02738828559833
-0.0249832769442343
-0.0226621640492007
0.00159142068745928
0.00236307582301037
-0.0175653494971521
0.00513603442197483
-0.0351306989943042
-0.113309892290824
0.0841517116159939
0.0390183185562718
0.0273128229893903
-0.00521439665243241
-0.00330636937152568
-0.00280547039603514
0.0251729714893636
0.0169878032414764
-0.00330636937152571
0.0262573548701815
0.0087612195725274
-0.000677891502173304
0.0176210800425545
-0.0033063693715257
0.0193967294978737
-0.000930523374308366
0.0131674555647349
0.0188361477319141
0.0251729714893636
0.0169878032414765
-0.00330636937152568
0.0262573548701815
0.00876121957252743
-0.000677891502173278
0.0122163986483421
0.0401027019370898
0.0087612195725274
0.0108110263950648
-0.000358577032415317
0.00234400396307617
-0.00129851836056057
0.0087612195725274
0.0131674555647349
0.00164927397854978
0.00711540855621051
-0.00035522481204523
0.0176210800425545
-0.00330636937152568
0.0193967294978737
-0.000930523374308331
0.013167455564735
0.0188361477319141
-0.00129851836056057
0.0087612195725274
0.0131674555647349
0.00164927397854982
0.0071154085562105
-0.00035522481204524
0.0131624620253219
0.0131674555647349
0.0285278906787499
0.000881141083658721
-0.00236307582301037
0.0113310820246003
0.0251729714893636
0.0169878032414765
-0.00330636937152568
0.0262573548701815
0.00876121957252743
-0.000677891502173278
0.0122163986483421
0.0401027019370898
0.0087612195725274
0.0108110263950648
-0.000358577032415317
0.00234400396307617
-0.00129851836056057
0.0087612195725274
0.0131674555647349
0.00164927397854978
0.00711540855621051
-0.00035522481204523
0.0122163986483421
0.0401027019370898
0.00876121957252743
0.0108110263950648
-0.000358577032415355
0.00234400396307616
8.40029911583409e-07
0.0155824309881991
-0.000358577032415317
0.15249831362448
0.0218154033834788
-0.000245041363744656
0.00208125314213934
-0.000358577032415359
0.00711540855621051
0.0151354369530907
0.0398568205434336
0.0183033105138463
-0.00129851836056054
0.00876121957252743
0.013167455564735
0.00164927397854978
0.00711540855621049
-0.000355224812045243
0.00208125314213935
-0.000358577032415317
0.0071154085562105
0.0151354369530907
0.0398568205434335
0.0183033105138463
0.000698920619631377
0.00711540855621051
-0.00236307582301037
0.02738828559833
0.0249832769442343
0.0226621640492007
0.0176210800425545
-0.00330636937152568
0.0193967294978737
-0.000930523374308331
0.013167455564735
0.0188361477319141
-0.00129851836056057
0.0087612195725274
0.0131674555647349
0.00164927397854982
0.0071154085562105
-0.00035522481204524
0.0131624620253219
0.0131674555647349
0.0285278906787499
0.000881141083658721
-0.00236307582301037
0.0113310820246003
-0.00129851836056054
0.00876121957252743
0.013167455564735
0.00164927397854978
0.00711540855621049
-0.000355224812045243
0.00208125314213935
-0.000358577032415317
0.0071154085562105
0.0151354369530907
0.0398568205434335
0.0183033105138463
0.000698920619631377
0.00711540855621051
-0.00236307582301037
0.02738828559833
0.0249832769442343
0.0226621640492007
0.013162462025322
0.013167455564735
0.0285278906787499
0.000881141083658702
-0.00236307582301038
0.0113310820246003
0.00069892061963136
0.0071154085562105
-0.00236307582301038
0.02738828559833
0.0249832769442343
0.0226621640492007
-0.00159142068745928
-0.00236307582301037
0.0175653494971521
-0.00513603442197483
0.0351306989943042
0.113309892290824
0
0
0
0
0
0
0
0
0
0
0
0
0
0
0
0
0
0
0
0
0
0
0
0
0
0
0
0
0
0
0
0
0
0
0
0
0
0
0
0
0
0
0
0
0
0
0
0
0
0
0
0
0
0
0
0
0
0
0
0
0
0
0
0
0
0
0
0
0
0
0
0
0
0
0
0
0
0
0
0
0
0
0
0
0
0
0
0
0
0
0
0
0
0
0
0
0
0
0
0
0
0
0
0
0
0
0
0
0
0
0
0
0
0
0
0
0
0
0
0
0
0
0
0
0
0
0
0
0
0
0
0
0
0
0
0
0
0
0
0
0
0
0
0
0
0
0
0
0
0
0
0
0
0
0
0
0
0
0
0
0
0
-0.0841517116159939
-0.0390183185562718
-0.0273128229893903
0.00521439665243241
0.00330636937152568
0.00280547039603514
-0.0251729714893636
-0.0169878032414764
0.00330636937152571
-0.0262573548701815
-0.0087612195725274
0.000677891502173304
-0.0176210800425545
0.0033063693715257
-0.0193967294978737
0.000930523374308366
-0.0131674555647349
-0.0188361477319141
-0.0251729714893636
-0.0169878032414765
0.00330636937152568
-0.0262573548701815
-0.00876121957252743
0.000677891502173278
-0.0122163986483421
-0.0401027019370898
-0.0087612195725274
-0.0108110263950648
0.000358577032415317
-0.00234400396307617
0.00129851836056057
-0.0087612195725274
-0.0131674555647349
-0.00164927397854978
-0.00711540855621051
0.00035522481204523
-0.0176210800425545
0.00330636937152568
-0.0193967294978737
0.000930523374308331
-0.013167455564735
-0.0188361477319141
0.00129851836056057
-0.0087612195725274
-0.0131674555647349
-0.00164927397854982
-0.0071154085562105
0.00035522481204524
-0.0131624620253219
-0.0131674555647349
-0.0285278906787499
-0.000881141083658721
0.00236307582301037
-0.0113310820246003
-0.0122163986483421
-0.0401027019370898
-0.00876121957252743
-0.0108110263950648
0.000358577032415355
-0.00234400396307616
-8.40029911583409e-07
-0.0155824309881991
0.000358577032415317
-0.15249831362448
-0.0218154033834788
0.000245041363744656
-0.00208125314213934
0.000358577032415359
-0.00711540855621051
-0.0151354369530907
-0.0398568205434336
-0.0183033105138463
0.00129851836056054
-0.00876121957252743
-0.013167455564735
-0.00164927397854978
-0.00711540855621049
0.000355224812045243
-0.00208125314213935
0.000358577032415317
-0.0071154085562105
-0.0151354369530907
-0.0398568205434335
-0.0183033105138463
-0.000698920619631377
-0.00711540855621051
0.00236307582301037
-0.02738828559833
-0.0249832769442343
-0.0226621640492007
-0.013162462025322
-0.013167455564735
-0.0285278906787499
-0.000881141083658702
0.00236307582301038
-0.0113310820246003
-0.00069892061963136
-0.0071154085562105
0.00236307582301038
-0.02738828559833
-0.0249832769442343
-0.0226621640492007
0.00159142068745928
0.00236307582301037
-0.0175653494971521
0.00513603442197483
-0.0351306989943042
-0.113309892290824
0
0
0
0
0
0
0
0
0
0
0
0
0
0
0
0
0
0
0
0
0
0
0
0
0
0
0
0
0
0
0
0
0
0
0
0
0
0
0
0
0
0
0
0
0
0
0
0
0
0
0
0
0
0
0
0
0
0
0
0
0
0
0
0
0
0
0
0
0
0
0
0
0
0
0
0
0
0
0
0
0
0
0
0
0
0
0
0
0
0
0
0
0
0
0
0
0
0
0
0
0
0
0
0
0
0
0
0
0
0
0
0
0
0
0
0
0
0
0
0
0
0
0
0
0
0
0
0
0
0
0
0
0
0
0
0
0
0
0
0
0
0
0
0
0
0
0
0
0
0
0
0
0
0
0
0
0
0
0
0
0
0
0
0
0
0
0
0
0
0
0
0
0
0
0
0
0
0
0
0
0
0
0
0
0
0
0
0
0
0
0
0
0
0
0
0
0
0
0
0
0
0
0
0
0
0
0
0
0
0
0
0
0
0
0
0
0
0
0
0
0
0
0
0
0
0
0
0
0
0
0
0
0
0
0
0
0
0
0
0
0
0
0
0
0
0
0
0
0
0
0
0
0
0
0
0
0
0
0
0
0
0
0
0
0
0
0
0
0
0
1.09650399910711
2.06349100070731
1.44444370049512
5.35268410936413
3.50284033760319
2.80061472053895
-0.440777598611938
-0.641840505447913
-0.388889577930738
-0.90562903680732
-0.512387636987213
-0.333912576619559
-0.308544319028357
-0.388889577930738
-0.358506670098376
-0.447519081110152
-0.426581942158217
-0.420160048288663
-0.103039764719977
-0.26713288309096
-0.129821375755297
-0.799681683568608
-0.412735315679823
-0.231401134607249
-0.0710299592973744
-0.15151165895989
-0.126884973863546
-0.413149014393915
-0.325819355406772
-0.27323950481274
-0.051289365803319
-0.0958988549998406
-0.124300840908264
-0.231099725544125
-0.272825806098648
-0.299900028638312
-0.284684511519211
-0.419135120408355
-0.254439565256507
-0.602570253277245
-0.342286643143953
-0.224884782386122
0.644043191476156
0.984856921042437
0.746571487138081
2.07484248699027
1.47178245211387
1.27011723370194
-0.0710299592973744
-0.15151165895989
-0.126884973863546
-0.413149014393915
-0.325819355406772
-0.27323950481274
-0.282293516779403
-0.387665159096407
-0.245120635428433
-0.525857433040616
-0.311188478893135
-0.218069174495859
-0.0910129257391964
-0.102195457404055
-0.101046629185768
-0.106384151704088
-0.111193836027006
-0.12116856580204
0.0137501637500318
0.0206149363850108
0.0210759646302996
0.0177010103967642
0.0239838360490088
0.0232095070953366
-0.199279158063448
-0.254439565256507
-0.233757722864329
-0.301243953642568
-0.283517195959529
-0.277974571321789
-0.0710299592973744
-0.15151165895989
-0.126884973863546
-0.413149014393915
-0.325819355406772
-0.27323950481274
0.695793590392815
1.15609094913356
0.752092021985114
2.64342444501476
1.61169196169504
1.20161833967088
0.0182522352257124
0.0322545552701765
0.0237023180482784
0.0398909757634953
0.0318709101716823
0.0210169111648349
-0.142342923342695
-0.202090448654547
-0.113374048043932
-0.285357773133311
-0.146117157794251
-0.0858182871381005
-0.206232582346272
-0.256299226068309
-0.227519994892463
-0.297837571184895
-0.2685277881761
-0.255181578774497
-0.118356642243539
-0.120167186653612
-0.0928114092526217
-0.0956370001108442
-0.0752512986605983
-0.0678594432570939
-0.43838660387213
-0.610370544135965
-0.379570648102664
-0.828916216570691
-0.481289472736394
-0.327096968729296
-0.0910129257391964
-0.102195457404055
-0.101046629185768
-0.106384151704088
-0.111193836027006
-0.12116856580204
1.12635484916661
1.35507564625072
1.23416889851968
2.09099688144572
1.89710590475101
1.97264209386583
-0.26225927827333
-0.481289472736395
-0.410890804321678
-1.16048270319897
-0.940397611155205
-0.809417723368667
-0.0666261974193165
-0.0919480083531083
-0.122967049315465
-0.168586132707933
-0.221709974348809
-0.265085767995306
0.0157683206255055
0.0185893348833693
0.0161797723351424
0.0111332825481895
0.0135267111253067
0.0111314491210096
-0.0910129257391964
-0.102195457404055
-0.101046629185768
-0.106384151704088
-0.111193836027006
-0.12116856580204
-0.142342923342695
-0.202090448654547
-0.113374048043932
-0.285357773133311
-0.146117157794251
-0.0858182871381005
-0.17546099835045
-0.311188478893135
-0.267826058122989
-0.736200406256863
-0.601051544623127
-0.525046769434918
0.695773636300379
1.01307609934294
0.716415847075238
2.00189335439318
1.32532377642566
1.07289090896373
-0.178190084481471
-0.336892141978314
-0.2685277881761
-0.829950222580862
-0.630311677156613
-0.510363157548994
-0.129844990127836
-0.14296414785913
-0.0913805249062975
-0.130796780994925
-0.0752531320877784
-0.0489211097320006
-0.142342923342695
-0.202090448654547
-0.113374048043932
-0.285357773133311
-0.146117157794251
-0.0858182871381005
-0.315497743311181
-0.390749238742541
-0.35226894212651
-0.444112698652478
-0.411592534374788
-0.397367055741372
-0.129864944220272
-0.285978997649746
-0.127056699816174
-0.772327871616497
-0.361621317357165
-0.177648540439151
-0.264988364404351
-0.506993135821573
-0.411592534374788
-1.25423251952297
-0.969657743688691
-0.794734111482743
1.44725367060225
2.26288582288733
1.28387897480659
4.84158240493324
2.56775794961317
1.63378377240076
4.65639432307273
2.43378042267745
1.70364629592499
-0.401717286769538
-0.259469979491065
-0.212674873140333
2.43378042267745
3.11567652382533
1.80628985147978
-0.280100644032196
-0.15828511142848
-0.101134631102818
1.70364629592499
1.80628985147978
1.79966534329957
-0.13627071629631
-0.132583767005919
-0.1305939762982
-0.401717286769538
-0.280100644032196
-0.13627071629631
0.0522662123646718
0.0280764034556695
0.0175260717881955
-0.259469979491065
-0.15828511142848
-0.132583767005919
0.0280764034556694
0.0211712561867482
0.0178552613430615
-0.212674873140333
-0.101134631102818
-0.1305939762982
0.0175260717881955
0.0178552613430615
0.0188017137255964
-0.2932788445518
2.05946455101178
-0.259469979491065
4.97514855092843
1.61027989052721
-0.222402310367667
-0.13817746838638
0.9714308544647
-0.15828511142848
5.74535051817685
1.46502366638012
-0.271205604991982
-0.0756466316351026
0.739801332676907
-0.132583767005919
3.43393226679349
1.57984053234394
-0.276046148383976
0.0316777544443267
-0.159894598584385
0.0280764034556695
-0.539207426895342
-0.110576580075337
0.0247426922905457
0.0184459371402012
-0.10896126526684
0.0211712561867482
-0.313582232285224
-0.116538753060857
0.0245668758454405
0.0128144841661682
-0.0947930090916049
0.0178552613430615
-0.21047410224329
-0.122383829018078
0.0230473781810036
-0.20529519118626
-0.259469979491065
2.24850696464099
-0.298661596584046
2.50465695686158
3.62558396507814
-0.0756466316351026
-0.15828511142848
1.15039686739408
-0.41691281673476
2.98264838721973
3.57479893514428
-0.0830634939093768
-0.132583767005919
0.745478072675017
-0.302888304865002
1.60589033473091
3.47628761145624
0.0170779700530309
0.0280764034556695
-0.194634739160862
0.0427721062740039
-0.287035706185977
-0.29346282238264
0.0147687228621257
0.0211712561867482
-0.119182407379448
0.0308137368071876
-0.152164172723241
-0.272989947056827
0.0140665969743155
0.0178552613430615
-0.0935173671542041
0.022276744254437
-0.0909017370879831
-0.262910049212759
-0.2932788445518
-0.13817746838638
-0.0756466316351026
0.0316777544443267
0.0184459371402012
0.0128144841661682
2.05946455101178
0.9714308544647
0.739801332676907
-0.159894598584385
-0.10896126526684
-0.0947930090916049
-0.259469979491065
-0.15828511142848
-0.132583767005919
0.0280764034556694
0.0211712561867482
0.0178552613430615
4.97514855092843
5.74535051817686
3.43393226679349
-0.539207426895342
-0.313582232285224
-0.21047410224329
1.61027989052721
1.46502366638012
1.57984053234394
-0.110576580075337
-0.116538753060857
-0.122383829018078
-0.222402310367667
-0.271205604991982
-0.276046148383976
0.0247426922905457
0.0245668758454405
0.0230473781810036
0.0238782806640904
-0.125511766593015
0.0184459371402012
-0.288647560834966
-0.0706960031514574
0.012037148791299
-0.125511766593015
0.930772802427384
-0.10896126526684
2.03326296289472
0.722179447274678
-0.0892064229784409
0.0184459371402012
-0.10896126526684
0.0211712561867482
-0.313582232285224
-0.116538753060857
0.0245668758454405
-0.288647560834966
2.03326296289472
-0.313582232285224
10.7201528537926
2.84656814815417
-0.503675377259119
-0.0706960031514574
0.722179447274678
-0.116538753060857
2.84656814815417
1.42598156319941
-0.22990946224858
0.012037148791299
-0.0892064229784409
0.0245668758454405
-0.503675377259119
-0.22990946224858
0.0533727809971018
0.0146263126487257
0.0184459371402012
-0.144375036871173
0.0195769411323709
-0.150018600259172
-0.173828221985476
-0.0929546946731079
-0.10896126526684
0.995874391920164
-0.110576580075337
1.00773619807927
1.58085075618224
0.0147687228621257
0.0211712561867482
-0.119182407379448
0.0308137368071876
-0.152164172723241
-0.272989947056827
-0.16752627901416
-0.313582232285224
2.36199628754678
-0.754890397653479
5.5303227017527
6.83807050737648
-0.0818595700629355
-0.116538753060857
0.710372198331936
-0.235718539207474
1.305810207283
3.066802690871
0.0132749981610544
0.0245668758454405
-0.0909017370879831
0.0594116842964504
-0.229869972786179
-0.525820098425518
-0.20529519118626
-0.0756466316351026
-0.0830634939093768
0.0170779700530309
0.0147687228621257
0.0140665969743155
-0.259469979491065
-0.15828511142848
-0.132583767005919
0.0280764034556694
0.0211712561867482
0.0178552613430615
2.24850696464099
1.15039686739408
0.745478072675017
-0.194634739160862
-0.119182407379448
-0.0935173671542041
-0.298661596584046
-0.41691281673476
-0.302888304865002
0.0427721062740039
0.0308137368071876
0.022276744254437
2.50465695686158
2.98264838721973
1.60589033473091
-0.287035706185977
-0.152164172723241
-0.0909017370879831
3.62558396507814
3.57479893514428
3.47628761145624
-0.29346282238264
-0.272989947056827
-0.262910049212759
0.0146263126487257
-0.0929546946731079
0.0147687228621257
-0.16752627901416
-0.0818595700629355
0.0132749981610544
0.0184459371402012
-0.10896126526684
0.0211712561867482
-0.313582232285224
-0.116538753060857
0.0245668758454405
-0.144375036871173
0.995874391920164
-0.119182407379448
2.36199628754678
0.710372198331936
-0.0909017370879831
0.0195769411323709
-0.110576580075337
0.0308137368071876
-0.754890397653479
-0.235718539207474
0.0594116842964504
-0.150018600259172
1.00773619807927
-0.152164172723241
5.5303227017527
1.305810207283
-0.229869972786179
-0.173828221985476
1.58085075618224
-0.272989947056827
6.83807050737648
3.066802690871
-0.525820098425518
0.013221967162876
0.0147687228621257
-0.0959660677518234
0.0144258910093173
-0.0769979461227739
-0.178653227002864
0.0147687228621257
0.0211712561867482
-0.119182407379448
0.0308137368071876
-0.152164172723241
-0.272989947056827
-0.0959660677518234
-0.119182407379448
1.09699176392682
-0.131071942094904
1.20387016717727
1.61140352935212
0.0144258910093173
0.0308137368071876
-0.131071942094904
0.0815956566668459
-0.377078073570681
-0.588138147588105
-0.0769979461227739
-0.152164172723241
1.20387016717727
-0.377078073570681
2.90279701469272
3.22280705870424
-0.178653227002864
-0.272989947056827
1.61140352935212
-0.588138147588105
3.22280705870424
6.76863612848612
-5.75289832217984
-4.49727142338476
-3.14808999642011
-4.95096682259459
-3.24337035811212
-2.58793984739862
-1.99300282406551
-2.47383601837742
-1.41740027354904
1.18572968083952
0.670672748415693
0.435047207722377
-1.39510197689664
-1.41740027354904
-1.44115867320119
0.583789797406462
0.559165709164136
0.550754024586863
0.504757051489515
0.547233527123155
0.266092092051607
0.747415471203937
0.384658912224154
0.213875062819054
0.330499938788439
0.30979677038837
0.259468740869464
0.385072610938246
0.304648099220024
0.255384243469679
0.263964238943652
0.197033486102659
0.254894817206463
0.21357365375593
0.254970544755587
0.281098314912715
0.577963356071011
-1.64032943060343
0.513909544747571
-4.37257829765119
-1.26799324738325
0.447287092753789
-0.505865723089776
-1.95628777550714
-0.588286375709601
-7.82019300516713
-2.93680611849399
-0.998911628709959
0.146676590932477
-0.588289673717017
0.259468740869464
-3.02078325239958
-1.25402117693717
0.549285653196717
0.250615762335076
0.547559757680792
0.217044231972763
1.06506485993596
0.421765058968472
0.193326482205313
0.0725669885989952
0.211156722670895
0.0798753729990199
0.419966383989312
0.227732589087863
0.0966016899565994
-0.0265646479162001
0.0741780727065941
-0.0389312259733611
0.192773091846526
0.0983999929690697
-0.0462568852763402
0.404574349249708
0.513909544747572
-2.01474924177666
0.599905550226614
-2.22113976090205
-3.34760939375635
0.146676590932477
0.30979677038837
-1.02351189353053
0.830061831128676
-2.65682903181296
-3.30155943033154
-0.612730096483438
-1.02350718212764
-1.49757009466013
-2.34053614014975
-3.21758229642595
-4.67790595112712
-0.0353302052787433
-0.060330958725846
0.170932421112583
-0.0826630820374992
0.255164796014294
0.272445911217805
0.127574200480569
0.180919192467799
0.232556455423379
0.254544036326123
0.298281330517491
0.358808234194928
0.192165985371957
0.238443964725248
0.321037362046667
0.275560826930458
0.359429525264083
0.518091627987256
0.577963356071011
0.557312588794736
0.330086196891609
0.570892498832918
0.323840706003752
0.212070298219954
-2.70350774248794
-1.95628777550714
-1.48637281981499
-1.91494788840589
-1.36282118684703
-1.17532422461034
0.330499938788439
0.30979677038837
0.259468740869464
0.385072610938246
0.304648099220024
0.255384243469679
-4.69285503414903
-5.35768535908045
-3.18881163136506
1.06506485993596
0.624770711178359
0.428543276739149
-1.51926696478801
-1.36282820897607
-1.47879390315818
0.216960731779425
0.227732589087863
0.243552394820118
0.208652146617635
0.250590668606971
0.254970183753677
-0.0424437026873099
-0.0485507118944493
-0.0462568852763402
0.0944783615794483
0.245678953246626
0.0743654721124205
0.38428456094581
0.145947301812056
0.0558222944657949
0.563898370465144
-0.320402258291419
0.488531913369504
-1.20434674632403
-0.240889974538284
0.416303391707737
0.0725669885989952
0.211156722670895
0.0798753729990199
0.419966383989312
0.227732589087863
0.0966016899565994
-0.837707288331647
-3.38833860914544
-0.92058666623446
-12.8111497352383
-4.74367405290518
-1.46896671660671
0.332955281424787
-0.240889974538283
0.527429557382534
-1.68608544495521
-0.4855839520442
1.03932718561725
0.0545890486280175
0.181154431331549
0.0984001734700247
0.672261509967052
0.45161943659739
0.211712986998205
-0.0303946332742312
-0.0370352720235705
0.128195264536031
-0.0307102236805604
0.136491889133865
0.162696772864466
0.183967620412304
0.211156722670895
-0.894827762734396
0.216960731779425
-0.896542362052268
-1.4596821903802
0.127574200480569
0.180919192467799
0.232556455423379
0.254544036326123
0.298281330517491
0.358808234194928
0.34298727736461
0.624770711178359
-2.09417022942379
1.49109080391034
-4.92927115712958
-6.31302373794156
-0.613914066237443
-0.896537346282083
-1.42678804540717
-1.76617481518571
-2.63113398370866
-4.13969359983473
0.164915086320416
0.312325266132873
0.359429525264083
0.770538538284412
0.860181649942791
1.03618325597451
0.404574349249708
0.330086196891609
0.316821216773706
0.284165983589537
0.268748473097403
0.263907974347473
0.330499938788439
0.30979677038837
0.259468740869464
0.385072610938246
0.304648099220024
0.255384243469679
-2.9443005550338
-2.30648781652763
-1.49757009466013
-2.44878970585389
-1.4925095543156
-1.10810097251667
0.280409361358333
0.384658261464584
0.279185986816724
-0.0826630820374992
-0.0626846469788699
-0.0432936554192718
-2.36231403351889
-2.78055793856518
-1.49251628668698
0.572393479319287
0.298281330517491
0.176720024226084
-3.41935138273187
-3.31849970907597
-3.24876761656378
0.591300393567534
0.541517735232927
0.518091627987256
-0.0303946332742312
0.0743653597897386
-0.0309484951972681
0.15639299646597
0.0683328589376287
-0.0244064472820639
0.0725669885989952
0.211156722670895
0.0798753729990199
0.419966383989312
0.227732589087863
0.0966016899565994
0.286717960213868
-0.793783943265617
0.232556455423379
-2.07663851441347
-0.564255040537686
0.176720024226084
0.155884057218079
0.421765058968472
0.237012321315802
1.49109080391034
0.8367700838306
0.465635085138467
-0.545755036041207
-2.02081229742221
-0.564251674351997
-7.53221605614589
-2.63113398370866
-0.843020936177549
0.352018306466947
-1.24395861420392
0.541517735232927
-6.00812028479562
-2.43649101371439
1.03618325597451
0.11662302296496
0.128195424997005
0.187346592658121
0.116370889985608
0.152251078210552
0.227574336734865
0.127574200480569
0.180919192467799
0.232556455423379
0.254544036326123
0.298281330517491
0.358808234194928
0.411463811063004
0.509931646121988
-0.744722821800312
0.575184640747382
-0.792277632802479
-1.21403647361075
0.115439053210955
0.255165260842559
0.258128641911078
0.690732214949651
0.738699390927845
0.765786688027256
0.341986310527125
0.659157308544814
-0.792277632802479
1.63131059309365
-1.93313927100403
-2.42807294722149
-1.26860044359939
-1.9898958758305
-2.8952825041587
-4.25344425734514
-5.79056500831741
-8.40241990088688
1.09650399910711
-0.440777598611938
-0.308544319028357
-0.103039764719977
-0.0710299592973744
-0.051289365803319
2.06349100070731
-0.641840505447913
-0.388889577930738
-0.26713288309096
-0.15151165895989
-0.0958988549998406
1.44444370049512
-0.388889577930738
-0.358506670098376
-0.129821375755297
-0.126884973863546
-0.124300840908264
5.35268410936413
-0.90562903680732
-0.447519081110152
-0.799681683568608
-0.413149014393915
-0.231099725544125
3.50284033760319
-0.512387636987213
-0.426581942158217
-0.412735315679823
-0.325819355406772
-0.272825806098648
2.80061472053895
-0.333912576619559
-0.420160048288663
-0.231401134607249
-0.27323950481274
-0.299900028638312
-0.284684511519211
0.644043191476156
-0.0710299592973744
-0.282293516779403
-0.0910129257391964
0.0137501637500318
-0.419135120408355
0.984856921042437
-0.15151165895989
-0.387665159096407
-0.102195457404055
0.0206149363850108
-0.254439565256507
0.746571487138081
-0.126884973863546
-0.245120635428433
-0.101046629185768
0.0210759646302996
-0.602570253277245
2.07484248699027
-0.413149014393915
-0.525857433040616
-0.106384151704088
0.0177010103967642
-0.342286643143953
1.47178245211387
-0.325819355406772
-0.311188478893135
-0.111193836027006
0.0239838360490088
-0.224884782386122
1.27011723370194
-0.27323950481274
-0.218069174495859
-0.12116856580204
0.0232095070953366
-0.199279158063448
-0.0710299592973744
0.695793590392815
0.0182522352257124
-0.142342923342695
-0.206232582346272
-0.254439565256507
-0.15151165895989
1.15609094913356
0.0322545552701765
-0.202090448654547
-0.256299226068309
-0.233757722864329
-0.126884973863546
0.752092021985114
0.0237023180482784
-0.113374048043932
-0.227519994892463
-0.301243953642568
-0.413149014393915
2.64342444501476
0.0398909757634953
-0.285357773133311
-0.297837571184895
-0.283517195959529
-0.325819355406772
1.61169196169504
0.0318709101716823
-0.146117157794251
-0.2685277881761
-0.277974571321789
-0.27323950481274
1.20161833967088
0.0210169111648349
-0.0858182871381005
-0.255181578774497
-0.118356642243539
-0.43838660387213
-0.0910129257391964
1.12635484916661
-0.26225927827333
-0.0666261974193165
-0.120167186653612
-0.610370544135965
-0.102195457404055
1.35507564625072
-0.481289472736395
-0.0919480083531083
-0.0928114092526217
-0.379570648102664
-0.101046629185768
1.23416889851968
-0.410890804321678
-0.122967049315465
-0.0956370001108442
-0.828916216570691
-0.106384151704088
2.09099688144572
-1.16048270319897
-0.168586132707933
-0.0752512986605983
-0.481289472736394
-0.111193836027006
1.89710590475101
-0.940397611155205
-0.221709974348809
-0.0678594432570939
-0.327096968729296
-0.12116856580204
1.97264209386583
-0.809417723368667
-0.265085767995306
0.0157683206255055
-0.0910129257391964
-0.142342923342695
-0.17546099835045
0.695773636300379
-0.178190084481471
0.0185893348833693
-0.102195457404055
-0.202090448654547
-0.311188478893135
1.01307609934294
-0.336892141978314
0.0161797723351424
-0.101046629185768
-0.113374048043932
-0.267826058122989
0.716415847075238
-0.2685277881761
0.0111332825481895
-0.106384151704088
-0.285357773133311
-0.736200406256863
2.00189335439318
-0.829950222580862
0.0135267111253067
-0.111193836027006
-0.146117157794251
-0.601051544623127
1.32532377642566
-0.630311677156613
0.0111314491210096
-0.12116856580204
-0.0858182871381005
-0.525046769434918
1.07289090896373
-0.510363157548994
-0.129844990127836
-0.142342923342695
-0.315497743311181
-0.129864944220272
-0.264988364404351
1.44725367060225
-0.14296414785913
-0.202090448654547
-0.390749238742541
-0.285978997649746
-0.506993135821573
2.26288582288733
-0.0913805249062975
-0.113374048043932
-0.35226894212651
-0.127056699816174
-0.411592534374788
1.28387897480659
-0.130796780994925
-0.285357773133311
-0.444112698652478
-0.772327871616497
-1.25423251952297
4.84158240493324
-0.0752531320877784
-0.146117157794251
-0.411592534374788
-0.361621317357165
-0.969657743688691
2.56775794961317
-0.0489211097320006
-0.0858182871381005
-0.397367055741372
-0.177648540439151
-0.794734111482743
1.63378377240076
-5.75289832217984
-1.99300282406551
-1.39510197689664
0.504757051489515
0.330499938788439
0.263964238943652
-4.49727142338476
-2.47383601837742
-1.41740027354904
0.547233527123155
0.30979677038837
0.197033486102659
-3.14808999642011
-1.41740027354904
-1.44115867320119
0.266092092051607
0.259468740869464
0.254894817206463
-4.95096682259459
1.18572968083952
0.583789797406462
0.747415471203937
0.385072610938246
0.21357365375593
-3.24337035811212
0.670672748415693
0.559165709164136
0.384658912224154
0.304648099220024
0.254970544755587
-2.58793984739862
0.435047207722377
0.550754024586863
0.213875062819054
0.255384243469679
0.281098314912715
0.577963356071011
-0.505865723089776
0.146676590932477
0.250615762335076
0.0725669885989952
-0.0265646479162001
-1.64032943060343
-1.95628777550714
-0.588289673717017
0.547559757680792
0.211156722670895
0.0741780727065941
0.513909544747571
-0.588286375709601
0.259468740869464
0.217044231972763
0.0798753729990199
-0.0389312259733611
-4.37257829765119
-7.82019300516713
-3.02078325239958
1.06506485993596
0.419966383989312
0.192773091846526
-1.26799324738325
-2.93680611849399
-1.25402117693717
0.421765058968472
0.227732589087863
0.0983999929690697
0.447287092753789
-0.998911628709959
0.549285653196717
0.193326482205313
0.0966016899565994
-0.0462568852763402
0.404574349249708
0.146676590932477
-0.612730096483438
-0.0353302052787433
0.127574200480569
0.192165985371957
0.513909544747572
0.30979677038837
-1.02350718212764
-0.0603309587258459
0.180919192467799
0.238443964725248
-2.01474924177666
-1.02351189353053
-1.49757009466013
0.170932421112583
0.232556455423379
0.321037362046667
0.599905550226614
0.830061831128676
-2.34053614014975
-0.0826630820374992
0.254544036326123
0.275560826930458
-2.22113976090205
-2.65682903181296
-3.21758229642595
0.255164796014294
0.298281330517491
0.359429525264083
-3.34760939375635
-3.30155943033154
-4.67790595112712
0.272445911217805
0.358808234194928
0.518091627987256
0.577963356071011
-2.70350774248794
0.330499938788439
-4.69285503414903
-1.51926696478801
0.208652146617635
0.557312588794736
-1.95628777550714
0.30979677038837
-5.35768535908045
-1.36282820897607
0.250590668606971
0.330086196891609
-1.48637281981499
0.259468740869464
-3.18881163136506
-1.47879390315818
0.254970183753677
0.570892498832918
-1.91494788840589
0.385072610938246
1.06506485993596
0.216960731779425
-0.0424437026873099
0.323840706003752
-1.36282118684703
0.304648099220024
0.624770711178359
0.227732589087863
-0.0485507118944493
0.212070298219954
-1.17532422461034
0.255384243469679
0.428543276739149
0.243552394820118
-0.0462568852763402
0.0944783615794483
0.563898370465144
0.0725669885989952
-0.837707288331647
0.332955281424787
0.0545890486280175
0.245678953246626
-0.320402258291419
0.211156722670895
-3.38833860914544
-0.240889974538283
0.181154431331549
0.0743654721124205
0.488531913369504
0.0798753729990199
-0.92058666623446
0.527429557382534
0.0984001734700247
0.38428456094581
-1.20434674632403
0.419966383989312
-12.8111497352383
-1.68608544495521
0.672261509967052
0.145947301812056
-0.240889974538284
0.227732589087863
-4.74367405290518
-0.4855839520442
0.45161943659739
0.0558222944657949
0.416303391707737
0.0966016899565994
-1.46896671660671
1.03932718561725
0.211712986998205
-0.0303946332742312
0.183967620412304
0.127574200480569
0.34298727736461
-0.613914066237443
0.164915086320416
-0.0370352720235704
0.211156722670895
0.180919192467799
0.624770711178359
-0.896537346282083
0.312325266132873
0.128195264536031
-0.894827762734396
0.232556455423379
-2.09417022942379
-1.42678804540717
0.359429525264083
-0.0307102236805604
0.216960731779425
0.254544036326123
1.49109080391034
-1.76617481518571
0.770538538284412
0.136491889133865
-0.896542362052268
0.298281330517491
-4.92927115712958
-2.63113398370866
0.860181649942791
0.162696772864466
-1.4596821903802
0.358808234194928
-6.31302373794156
-4.13969359983473
1.03618325597451
0.404574349249708
0.330499938788439
-2.9443005550338
0.280409361358333
-2.36231403351889
-3.41935138273187
0.330086196891609
0.30979677038837
-2.30648781652763
0.384658261464584
-2.78055793856518
-3.31849970907597
0.316821216773706
0.259468740869464
-1.49757009466013
0.279185986816724
-1.49251628668698
-3.24876761656378
0.284165983589537
0.385072610938246
-2.44878970585389
-0.0826630820374992
0.572393479319287
0.591300393567534
0.268748473097403
0.304648099220024
-1.4925095543156
-0.0626846469788699
0.298281330517491
0.541517735232927
0.263907974347473
0.255384243469679
-1.10810097251667
-0.0432936554192718
0.176720024226084
0.518091627987256
-0.0303946332742312
0.0725669885989952
0.286717960213868
0.155884057218079
-0.545755036041207
0.352018306466947
0.0743653597897386
0.211156722670895
-0.793783943265617
0.421765058968472
-2.02081229742221
-1.24395861420392
-0.0309484951972681
0.0798753729990199
0.232556455423379
0.237012321315802
-0.564251674351997
0.541517735232927
0.15639299646597
0.419966383989312
-2.07663851441347
1.49109080391034
-7.53221605614589
-6.00812028479562
0.0683328589376288
0.227732589087863
-0.564255040537686
0.8367700838306
-2.63113398370866
-2.43649101371439
-0.0244064472820639
0.0966016899565994
0.176720024226084
0.465635085138467
-0.843020936177549
1.03618325597451
0.11662302296496
0.127574200480569
0.411463811063004
0.115439053210955
0.341986310527125
-1.26860044359939
0.128195424997005
0.180919192467799
0.509931646121988
0.255165260842559
0.659157308544814
-1.9898958758305
0.187346592658121
0.232556455423379
-0.744722821800312
0.258128641911078
-0.792277632802479
-2.8952825041587
0.116370889985608
0.254544036326123
0.575184640747382
0.690732214949651
1.63131059309365
-4.25344425734514
0.152251078210552
0.298281330517491
-0.792277632802479
0.738699390927845
-1.93313927100403
-5.79056500831741
0.227574336734865
0.358808234194928
-1.21403647361075
0.765786688027256
-2.42807294722149
-8.40241990088688
11.5057966443597
6.49027424745027
4.54319197331675
4.44620977110508
2.91287041932368
2.32397560845497
6.49027424745027
4.94767203675483
2.83480054709808
-1.73296320796267
-0.980469518804063
-0.632080693825037
4.54319197331675
2.83480054709808
2.88231734640239
-0.849881889458068
-0.8186344500336
-0.805648841793327
4.44620977110508
-1.73296320796267
-0.849881889458068
-1.49483094240787
-0.7697315231624
-0.427448716574984
2.91287041932368
-0.980469518804063
-0.8186344500336
-0.7697315231624
-0.609296198440047
-0.510354788225265
2.32397560845497
-0.632080693825037
-0.805648841793327
-0.427448716574984
-0.510354788225265
-0.562196629825431
-1.15592671214202
2.1461951536932
-0.660586135680048
4.12196253531611
1.19542625878426
-0.420722444837589
2.1461951536932
3.91257555101427
1.17657604942662
7.27263324748633
2.7256493958231
0.924733556003365
-0.660586135680048
1.17657604942662
-0.518937481738929
2.80373902042682
1.17414580393815
-0.510354427223355
4.12196253531611
7.27263324748634
2.80373902042682
-2.13012971987192
-0.841731442957784
-0.386099574051839
1.19542625878426
2.7256493958231
1.17414580393815
-0.841731442957784
-0.455465178175725
-0.195001682925669
-0.420722444837589
0.924733556003365
-0.510354427223355
-0.386099574051839
-0.195001682925669
0.0925137705526805
-0.809148698499416
-0.660586135680049
2.6274793382601
-0.564575344947871
2.09356556042148
3.1554434083844
-0.660586135680049
-0.619593540776741
2.04701907565817
-0.76973087240283
2.47590983934516
3.06311546560629
2.6274793382601
[...]
0.00683627279793697
-0.00619016463234344
0.0141833633964503
0.0236155222907452
0.0109560179339891
0.00460949886602039
0.0448430570374933
0.010956017933989
0.0448430570374932
0.0528306249435096
0.0982615016300255
0.0460004123638594
0.307221860243236
0.0148973395958083
0.056058571203976
0.462334840345668
0.0610369057184635
0.0668772048935861
0.0724699130791825
0.0305513018544668
0.0585809635343261
0.0588302489669321
-1.99043337349699
-0.329078092901907
-1.33821401258406
-0.333794704872341
-0.640394537191486
-2.8095676476045
0.07396746621774
0.0574236082079601
0.0630886617336048
0.0594663135661082
0.130059274170386
0.146684784579788
-0.726343537924881
-1.58976146373106
-1.3789073373797
0.0610369057184635
0.129169932253286
0.118848812897246
-1.37802198734792
-0.640395867184614
-3.23730862346637
0.0172674470436363
0.0630886617336049
0.316808181659948
0.0538804291875321
0.128192665053261
0.145184948408812
-0.00613813474278206
-0.0249384486713477
-0.0435745476624351
0.0435681971829605
0.0274173805418119
0.057968954445224
0.0432260749731742
0.0164687859494737
0.0377966564501115
0.0661525337670926
-0.757621602284149
0.128362469243167
-0.307649429232815
-0.625894957700798
0.114052128110241
0.0594663135661082
0.05742360820796
0.130059274170386
0.07396746621774
0.0630886617336049
0.146684784579788
-0.749762510101585
-0.665469266044683
-1.36440295480149
-3.81795054850577
-2.5287832098646
-5.57544032918895
0.0514867360708842
-0.625894957700798
0.13428258420821
-1.1690678299795
-2.97131335208559
0.633290979062984
0.043092579235554
0.05231107692874
0.145187425458904
0.304837323911707
0.286499352438625
0.767396158366162
-0.00619016463234344
-0.0123578975008809
0.0141833633964503
-0.00549146660562196
0.00683627279793699
0.0236155222907453
0.129793214662356
0.05742360820796
-0.570856366820108
0.0172674470436363
-0.120548042462493
-1.19100702035033
0.0109560179339891
0.00460949886602039
0.0448430570374933
0.010956017933989
0.0448430570374932
0.0528306249435096
0.0565066753622737
0.129169932253286
-0.258891717062535
0.231940241730162
-1.13290780860365
-2.3649866282569
-0.283910022161663
-0.120547692318881
-1.15119904558647
-0.272722471118006
-1.06818344609491
-8.26943688945031
0.0148973395958084
0.0460004123638596
0.0560585712039759
0.0982615016300258
0.307221860243236
0.462334840345667
0.231940241730162
0.0724699130791826
0.3231918448368
0.0280291243949044
0.0668702066352011
0.311620768726412
0.07396746621774
0.0574236082079601
0.0630886617336048
0.0594663135661082
0.130059274170386
0.146684784579788
-1.72882212455845
-0.304184396514979
-1.06818344609491
-0.334270322819748
-0.553176066177807
-2.07996814568845
0.0229860843617472
0.0579690035953669
0.0571965734560214
-0.00619016463234344
-0.00432371583940436
-0.00486202867662397
-0.314805905763747
-0.696306142124474
-0.553179922371169
0.0294630971698437
0.0448430570374932
0.0116473314808738
-2.57834589535328
-1.29169139256626
-5.88224688351862
0.0433748905631775
0.0972418646666118
0.462334840345669
-0.00619016463234344
0.0579690035953669
-0.00432371583940444
0.0229860843617472
0.0571965734560214
-0.00486202867662387
0.0594663135661082
0.05742360820796
0.130059274170386
0.07396746621774
0.0630886617336049
0.146684784579788
0.0294630971698438
-0.696306142124474
0.0448430570374932
-0.314805905763747
-0.553179922371169
0.0116473314808738
0.0280291243949045
0.0724699130791826
0.0668702066352011
0.231940241730162
0.3231918448368
0.311620768726412
-0.334270322819748
-0.304184396514979
-0.553176066177807
-1.72882212455845
-1.06818344609491
-2.07996814568845
0.0433748905631775
-1.29169139256626
0.0972418646666117
-2.57834589535328
-5.88224688351862
0.462334840345667
0.0216745622727775
0.0141833504622021
0.100113823370031
0.0104870112291206
0.0170982238784715
0.134637643459443
0.0109560179339891
0.00460949886602039
0.0448430570374933
0.010956017933989
0.0448430570374932
0.0528306249435096
0.233546182898003
0.1157819180727
-0.270470779374809
0.0383549512717881
-0.078672834654967
-0.752287702295404
0.0104870112291206
0.0141833504622022
0.0170982238784715
0.0216745622727778
0.10011382337003
0.134637643459444
0.0383549512717881
0.115781918072701
-0.0786728346549672
0.233546182898004
-0.270470779374809
-0.752287702295405
-0.464612215506566
-0.217014930202423
-1.89864381508411
-0.464612215506566
-1.89864381508411
-13.574365351367
0.589841480241096
-0.043449376449602
-0.165107630508488
0.00464625266399626
-0.00558900061890961
-0.0151211600513051
0.314370460362266
-0.0701286836321384
-0.0952146098079892
-0.0103292290804979
-0.0242202234171298
-0.0255061580880991
1.19460774937661
-0.095214609807989
-0.406887724637236
-0.00455580204768754
-0.0306810058168998
-0.131618669192983
0.797634837738755
-0.0490643823057786
-0.039573752169098
-0.0451496933020998
-0.0616212913305856
-0.0468594532071428
1.43278142040032
-0.0951590844523368
-0.101874928291505
-0.0601239322097015
-0.134022351489856
-0.151745270116827
5.86515649304935
-0.0872472092696002
-0.478410295817342
-0.0415635304217004
-0.153242629237711
-0.799793531684529
-0.0261486474909002
0.357188324925396
-0.00558900061890961
-0.0317636533470769
-0.0616212913305856
0.0038800821179575
-0.0434835848405308
0.168132277243187
-0.0242202234171298
-0.0434835848405308
-0.0242202234171298
0.0180725226061173
-0.0607914666544558
0.673597921982317
-0.0306810058168998
-0.0607359412988036
-0.134022351489856
0.0183806040134243
-0.0317636533470769
0.357188324925396
-0.0616212913305856
-0.0261486474909003
-0.00558900061890961
0.00388008211795753
-0.0607359412988035
0.673597921982317
-0.134022351489856
-0.0607914666544559
-0.0306810058168998
0.0183806040134244
-0.0610883015917567
2.95583283526388
-0.153242629237711
-0.0610883015917567
-0.153242629237711
0.0334192190342337
-0.0993648604654216
-0.00558900061890961
0.337420912210095
0.00412147871248086
-0.0134206468407442
-0.110079049383136
-0.0607914666544559
-0.0242202234171298
0.152955348235586
0.0102029197364035
-0.00857257618549022
-0.0525582570217827
-0.258493403744711
-0.0306810058168998
0.546535054837021
0.0143719694026688
-0.0160425391401089
-0.189587171930637
-0.0293991122880455
-0.0616212913305856
0.355478565020353
0.0045856392621429
-0.0134206468407442
-0.0180300181723242
-0.0693348355419562
-0.134022351489856
0.581976584075191
0.00185908693264922
-0.0160425391401089
-0.037150928366712
-0.323438316479523
-0.153242629237711
2.19760283400105
0.0017293501001081
0.00726031135639015
-0.178048033325703
-0.0451496933020998
-0.0490643823057786
-0.0616212913305856
0.797634837738755
-0.0395737521690981
-0.0468594532071428
-0.0103292290804979
-0.0701286836321384
-0.0242202234171298
0.314370460362266
-0.0952146098079891
-0.0255061580880992
-0.0601239322097015
-0.0951590844523368
-0.134022351489856
1.43278142040032
-0.101874928291505
-0.151745270116827
0.00464625266399628
-0.043449376449602
-0.00558900061890961
0.589841480241096
-0.165107630508488
-0.0151211600513054
-0.00455580204768755
-0.0952146098079891
-0.0306810058168998
1.19460774937661
-0.406887724637236
-0.131618669192983
-0.0415635304217003
-0.0872472092696002
-0.153242629237711
5.86515649304935
-0.478410295817342
-0.799793531684529
0.0045856392621429
-0.0616212913305856
-0.0134206468407442
-0.0293991122880456
0.355478565020353
-0.0180300181723242
0.0102029197364035
-0.0242202234171298
-0.00857257618549022
-0.0607914666544559
0.152955348235586
-0.0525582570217829
0.0018590869326493
-0.134022351489856
-0.0160425391401089
-0.0693348355419563
0.581976584075191
-0.0371509283667119
0.00412147871248086
-0.00558900061890961
-0.0134206468407442
-0.0993648604654214
0.337420912210095
-0.110079049383137
0.0143719694026688
-0.0306810058168998
-0.0160425391401089
-0.258493403744711
0.546535054837021
-0.189587171930636
0.00172935010010799
-0.153242629237711
0.00726031135639015
-0.323438316479523
2.19760283400105
-0.178048033325702
-0.028931011280205
-0.0134206468407442
-0.175821819426203
-0.0108733584699467
-0.0282046580533767
0.593899397373304
-0.0166479793689572
-0.00857257618549022
-0.086981400175316
-0.0166479793689574
-0.0869814001753162
0.277105866502322
-0.0423894598982301
-0.0160425391401089
-0.337981492823162
-0.00694793066006006
-0.0696910211162609
0.813336100125183
-0.0108733584699467
-0.0134206468407442
-0.0282046580533767
-0.0289310112802053
-0.175821819426203
0.593899397373304
-0.00694793066006014
-0.0160425391401089
-0.069691021116261
-0.0423894598982297
-0.337981492823161
0.813336100125184
-0.0053504615927062
0.00726031135639015
-0.333020012663522
-0.00535046159270674
-0.333020012663521
2.56601728080503
-3.81795054850577
-0.307649429232815
-1.1690678299795
0.0432260749731742
0.07396746621774
0.304837323911707
-0.665469266044683
-0.757621602284149
-0.625894957700798
0.0274173805418119
0.0574236082079601
0.0523110769287399
-2.5287832098646
-0.625894957700798
-2.97131335208559
0.0164687859494737
0.0630886617336048
0.286499352438625
-0.749762510101585
0.0661525337670926
0.0514867360708842
0.0435681971829604
0.0594663135661081
0.043092579235554
-1.36440295480149
0.128362469243167
0.13428258420821
0.0579689544452241
0.130059274170386
0.145187425458904
-5.57544032918895
0.114052128110241
0.633290979062984
0.0377966564501116
0.146684784579788
0.767396158366162
0.0610369057184635
-0.333794704872341
0.0172674470436363
0.0305513018544668
0.0594663135661081
-0.00613813474278203
-1.58976146373106
-0.329078092901907
-0.640395867184614
0.0668772048935861
0.05742360820796
0.128192665053261
0.129169932253286
-0.640394537191486
0.0630886617336048
0.0585809635343262
0.130059274170386
-0.0249384486713477
-0.726343537924881
-1.99043337349699
-1.37802198734792
0.0610369057184635
0.07396746621774
0.0538804291875321
-1.3789073373797
-1.33821401258406
-3.23730862346637
0.0724699130791826
0.0630886617336049
0.145184948408812
0.118848812897246
-2.8095676476045
0.316808181659948
0.0588302489669321
0.146684784579788
-0.0435745476624351
0.231940241730162
0.0172674470436363
-0.272722471118006
-0.00549146660562196
0.0109560179339891
0.0982615016300255
0.129169932253286
0.0574236082079601
-0.120547692318881
-0.0123578975008809
0.00460949886602039
0.0460004123638594
-1.13290780860365
-0.120548042462493
-1.06818344609491
0.00683627279793697
0.0448430570374932
0.307221860243236
0.0565066753622736
0.129793214662356
-0.283910022161663
-0.00619016463234344
0.010956017933989
0.0148973395958083
-0.258891717062535
-0.570856366820108
-1.15119904558647
0.0141833633964503
0.0448430570374932
0.056058571203976
-2.3649866282569
-1.19100702035033
-8.26943688945031
0.0236155222907452
0.0528306249435097
0.462334840345669
0.0610369057184635
-1.99043337349699
0.07396746621774
-0.726343537924881
-1.37802198734792
0.0538804291875321
0.0668772048935861
-0.329078092901907
0.0574236082079601
-1.58976146373106
-0.640395867184614
0.128192665053261
0.0724699130791825
-1.33821401258406
0.0630886617336048
-1.3789073373797
-3.23730862346637
0.145184948408812
0.0305513018544668
-0.333794704872341
0.0594663135661081
0.0610369057184635
0.0172674470436363
-0.00613813474278206
0.0585809635343261
-0.640394537191486
0.130059274170386
0.129169932253286
0.0630886617336049
-0.0249384486713477
0.0588302489669321
-2.8095676476045
0.146684784579788
0.118848812897246
0.316808181659948
-0.043574547662435
0.0435681971829605
0.0661525337670926
0.0594663135661081
-0.749762510101585
0.0514867360708842
0.043092579235554
0.0274173805418119
-0.757621602284149
0.05742360820796
-0.665469266044683
-0.625894957700798
0.05231107692874
0.057968954445224
0.128362469243167
0.130059274170386
-1.36440295480149
0.13428258420821
0.145187425458904
0.0432260749731742
-0.307649429232815
0.07396746621774
-3.81795054850577
-1.1690678299795
0.304837323911707
0.0164687859494737
-0.625894957700798
0.0630886617336049
-2.5287832098646
-2.97131335208559
0.286499352438625
0.0377966564501115
0.114052128110241
0.146684784579788
-5.57544032918895
0.633290979062984
0.767396158366162
-0.00619016463234344
0.129793214662356
0.0109560179339891
0.0565066753622737
-0.283910022161663
0.0148973395958083
-0.0123578975008809
0.05742360820796
0.00460949886602039
0.129169932253286
-0.120547692318881
0.0460004123638596
0.0141833633964503
-0.570856366820108
0.0448430570374932
-0.258891717062535
-1.15119904558647
0.0560585712039759
-0.00549146660562196
0.0172674470436363
0.010956017933989
0.231940241730162
-0.272722471118006
0.0982615016300259
0.00683627279793697
-0.120548042462493
0.0448430570374932
-1.13290780860365
-1.06818344609491
0.307221860243236
0.0236155222907453
-1.19100702035033
0.0528306249435097
-2.3649866282569
-8.26943688945031
0.462334840345667
0.231940241730162
0.07396746621774
-1.72882212455845
0.0229860843617472
-0.314805905763747
-2.57834589535328
0.0724699130791826
0.0574236082079601
-0.304184396514979
0.0579690035953669
-0.696306142124474
-1.29169139256626
0.3231918448368
0.0630886617336048
-1.06818344609491
0.0571965734560214
-0.553179922371169
-5.88224688351862
0.0280291243949044
0.0594663135661081
-0.334270322819748
-0.00619016463234344
0.0294630971698437
0.0433748905631775
0.0668702066352011
0.130059274170386
-0.553176066177807
-0.00432371583940436
0.0448430570374932
0.0972418646666118
0.311620768726412
0.146684784579788
-2.07996814568845
-0.00486202867662399
0.0116473314808739
0.462334840345668
-0.00619016463234344
0.0594663135661081
0.0294630971698438
0.0280291243949045
-0.334270322819748
0.0433748905631775
0.0579690035953669
0.05742360820796
-0.696306142124474
0.0724699130791826
-0.304184396514979
-1.29169139256626
-0.00432371583940444
0.130059274170386
0.0448430570374933
0.0668702066352011
-0.553176066177807
0.0972418646666117
0.0229860843617472
0.07396746621774
-0.314805905763747
0.231940241730162
-1.72882212455845
-2.57834589535328
0.0571965734560214
0.0630886617336049
-0.553179922371169
0.3231918448368
-1.06818344609491
-5.88224688351862
-0.00486202867662387
0.146684784579788
0.0116473314808738
0.311620768726412
-2.07996814568845
0.462334840345667
0.0216745622727775
0.0109560179339891
0.233546182898003
0.0104870112291206
0.0383549512717881
-0.464612215506566
0.0141833504622021
0.00460949886602039
0.1157819180727
0.0141833504622022
0.115781918072701
-0.217014930202423
0.100113823370031
0.0448430570374932
-0.270470779374809
0.0170982238784714
-0.0786728346549672
-1.89864381508411
0.0104870112291206
0.010956017933989
0.0383549512717881
0.0216745622727778
0.233546182898004
-0.464612215506566
0.0170982238784715
0.0448430570374932
-0.0786728346549671
0.10011382337003
-0.270470779374809
-1.89864381508411
0.134637643459443
0.0528306249435097
-0.752287702295403
0.134637643459444
-0.752287702295405
-13.574365351367
7.63590109701155
0.973118695277498
3.6978510398441
0.706536435128411
1.29043548858375
5.27060300527724
0.973118695277498
1.5152432045683
1.2517899154016
-0.0935699143089044
-0.185786077451127
-0.166363205038981
3.6978510398441
1.2517899154016
5.94262670417119
-0.0679555220203579
-0.197371245941815
-0.919790331501609
0.706536435128411
-0.0935699143089044
-0.0679555220203579
-0.0871363943659209
-0.117435268011332
-0.0808892356856656
1.29043548858375
-0.185786077451127
-0.197371245941815
-0.117435268011332
-0.260118548340773
-0.291872210038692
5.27060300527724
-0.166363205038981
-0.919790331501609
-0.0808892356856656
-0.291872210038692
-1.53479231673232
-0.122073811436927
1.9235561686034
-0.146437379296922
0.695792236070414
1.31944102381359
-0.112710678154464
1.9235561686034
0.658156185803814
1.2807904043761
1.9235561686034
1.2807904043761
2.68137498255124
-0.146437379296922
1.2807904043761
-0.12617732346721
1.31944102381359
3.10724934929599
-0.2918697329886
0.695792236070414
1.9235561686034
1.31944102381359
-0.122073811436927
-0.146437379296923
-0.112710678154464
1.31944102381359
1.2807904043761
3.10724934929599
-0.146437379296923
-0.12617732346721
-0.2918697329886
-0.112710678154464
2.68137498255124
-0.2918697329886
-0.112710678154464
-0.2918697329886
0.0871490953248701
-0.463880483460324
-0.146437379296923
1.40563027972165
-0.0510152087566516
0.247935699128546
2.26672512662687
-0.146437379296923
-0.11484721641592
0.241095734781374
-0.117435317161475
0.566246867954088
1.14500660798647
1.40563027972165
0.241095734781374
2.13636689218982
0.277073749363726
1.10635598854898
7.96221502920707
-0.0510152087566516
-0.117435317161475
0.277073749363726
0.0123803292646869
-0.0251393813304394
-0.0385128618865535
0.247935699128546
0.566246867954088
1.10635598854898
-0.0251393813304394
-0.0896861140749864
-0.108889196147486
2.26672512662687
1.14500660798647
7.96221502920707
-0.0385128618865535
-0.108889196147486
-0.924669680691337
-0.0871363943659209
-0.0935699143089045
-0.117435268011332
0.706536435128411
-0.0679555220203579
-0.0808892356856655
-0.0935699143089045
1.5152432045683
-0.185786077451127
0.973118695277498
1.2517899154016
-0.166363205038981
-0.117435268011332
-0.185786077451127
-0.260118548340773
1.29043548858375
-0.197371245941815
-0.291872210038692
0.706536435128411
0.973118695277498
1.29043548858375
7.63590109701155
3.6978510398441
5.27060300527724
-0.0679555220203579
1.2517899154016
-0.197371245941815
3.6978510398441
5.94262670417119
-0.919790331501609
-0.0808892356856655
-0.166363205038981
-0.291872210038692
5.27060300527724
-0.919790331501608
-1.53479231673232
0.0123803292646869
-0.117435317161475
-0.0251393813304393
-0.0510152087566517
0.277073749363726
-0.0385128618865536
-0.117435317161475
-0.11484721641592
0.566246867954088
-0.146437379296923
0.241095734781374
1.14500660798647
-0.0251393813304393
0.566246867954088
-0.0896861140749865
0.247935699128546
1.10635598854898
-0.108889196147486
-0.0510152087566517
-0.146437379296923
0.247935699128546
-0.463880483460323
1.40563027972165
2.26672512662687
0.277073749363726
0.241095734781374
1.10635598854898
1.40563027972165
2.13636689218982
7.96221502920707
-0.0385128618865537
1.14500660798647
-0.108889196147486
2.26672512662687
7.96221502920707
-0.924669680691334
-0.0433491245455549
-0.0251393683961912
-0.333660006268034
-0.0209740224582413
-0.0554531751502596
0.329974572047123
-0.0251393683961912
-0.00921899773204078
-0.160624975110194
-0.0251393683961913
-0.160624975110194
0.164184305258913
-0.333660006268034
-0.160624975110194
0.540941558749617
-0.0554531751502595
0.157345669309934
2.65093151737951
-0.0209740224582413
-0.0251393683961913
-0.0554531751502595
-0.0433491245455555
-0.333660006268034
0.329974572047122
-0.0554531751502597
-0.160624975110194
0.157345669309934
-0.333660006268034
0.540941558749619
2.65093151737951
0.329974572047123
0.164184305258913
2.65093151737951
0.329974572047122
2.65093151737951
27.1487307027339
Test passed!
<end of output>
Test time =   1.37 sec
----------------------------------------------------------
Test Passed.
"HessTest2" end time: Sep 26 21:54 AEST
"HessTest2" time elapsed: 00:00:01
----------------------------------------------------------

14/15 Testing: APITest1
14/15 Test: APITest1
Command: "/Users/robertshaw/devfiles/libecpint_new/build_debug/tests/lib/api_test1/api_test1"
Directory: /Users/robertshaw/devfiles/libecpint_new/tests/lib/api_test1
"APITest1" start time: Sep 26 21:54 AEST
Output:
----------------------------------------------------------
Test passed!
<end of output>
Test time =   0.17 sec
----------------------------------------------------------
Test Passed.
"APITest1" end time: Sep 26 21:54 AEST
"APITest1" time elapsed: 00:00:00
----------------------------------------------------------

15/15 Testing: APITest2
15/15 Test: APITest2
Command: "/Users/robertshaw/devfiles/libecpint_new/build_debug/tests/lib/api_test2/api_test2" "/Users/robertshaw/devfiles/libecpint_new/share/libecpint"
Directory: /Users/robertshaw/devfiles/libecpint_new/tests/lib/api_test2
"APITest2" start time: Sep 26 21:54 AEST
Output:
----------------------------------------------------------
Test passed!
<end of output>
Test time =   1.33 sec
----------------------------------------------------------
Test Passed.
"APITest2" end time: Sep 26 21:54 AEST
"APITest2" time elapsed: 00:00:01
----------------------------------------------------------

End testing: Sep 26 21:54 AEST
